<?xml version="1.0" encoding="UTF-8"?>
<robot generator="Robot 4.0.3 (Python 3.6.9 on linux)" generated="20210630 11:53:49.645" rpa="false" schemaversion="2">
<suite id="s1" name="E2E" source="/root/sodafoundation/naju/dolphin-1/delfin/tests/e2e">
<suite id="s1-s1" name="GetResources" source="/root/sodafoundation/naju/dolphin-1/delfin/tests/e2e/GetResources.robot">
<kw name="Open Application" type="SETUP">
<kw name="Register Test Storage">
<var>${array_id}</var>
<kw name="Load JSON From File" library="JSONLibrary">
<var>${test}</var>
<arg>/root/sodafoundation/naju/dolphin-1/delfin/tests/e2e/test.json</arg>
<doc>Load JSON from file.</doc>
<msg timestamp="20210630 11:53:49.850" level="INFO">${test} = {'test_register_access_info': {'vendor': 'test_vendor', 'model': 'test_model', 'rest': {'host': '10.10.10.10', 'port': 8080, 'username': 'user_1', 'password': 'pass_1'}, 'extra_attributes': {'path': '...</msg>
<status status="PASS" starttime="20210630 11:53:49.849" endtime="20210630 11:53:49.850"/>
</kw>
<kw name="Get Value From Json" library="JSONLibrary">
<var>${access_info}</var>
<arg>${test}</arg>
<arg>$.test_register_access_info</arg>
<doc>Get Value From JSON using JSONPath</doc>
<msg timestamp="20210630 11:53:49.882" level="INFO">${access_info} = [{'vendor': 'test_vendor', 'model': 'test_model', 'rest': {'host': '10.10.10.10', 'port': 8080, 'username': 'user_1', 'password': 'pass_1'}, 'extra_attributes': {'path': '/root/sodafoundation/naju/dol...</msg>
<status status="PASS" starttime="20210630 11:53:49.850" endtime="20210630 11:53:49.882"/>
</kw>
<kw name="Create Session" library="RequestsLibrary">
<arg>delfin</arg>
<arg>${delfin_url}</arg>
<doc>Create Session: create a HTTP session to a server</doc>
<msg timestamp="20210630 11:53:49.883" level="INFO">Creating Session using : alias=delfin, url=http://localhost:8190/v1, headers={},                     cookies={}, auth=None, timeout=None, proxies=None, verify=False,                     debug=0 </msg>
<status status="PASS" starttime="20210630 11:53:49.882" endtime="20210630 11:53:49.883"/>
</kw>
<kw name="Post On Session" library="RequestsLibrary">
<var>${resp_register}</var>
<arg>delfin</arg>
<arg>storages</arg>
<arg>json=${access_info[0]}</arg>
<doc>Sends a POST request on a previously created HTTP Session.</doc>
<msg timestamp="20210630 11:53:50.074" level="INFO">POST Request : url=http://localhost:8190/v1/storages 
 path_url=/v1/storages 
 headers={'User-Agent': 'python-requests/2.25.1', 'Accept-Encoding': 'gzip, deflate', 'Accept': '*/*', 'Connection': 'keep-alive', 'Content-Length': '249', 'Content-Type': 'application/json'} 
 body=b'{"vendor": "test_vendor", "model": "test_model", "rest": {"host": "10.10.10.10", "port": 8080, "username": "user_1", "password": "pass_1"}, "extra_attributes": {"path": "/root/sodafoundation/naju/dolphin-1/delfin/tests/e2e/testdriver/storage.json"}}' 
 </msg>
<msg timestamp="20210630 11:53:50.074" level="INFO">POST Response : url=http://localhost:8190/v1/storages 
 status=201, reason=Created 
 headers={'X-Compute-Request-Id': 'req-1bd13953-32ce-467d-b774-3ced5aad7ce0', 'Content-Type': 'application/json', 'Content-Length': '532', 'Date': 'Wed, 30 Jun 2021 06:23:50 GMT', 'Connection': 'keep-alive'} 
 body={"created_at": "2021-06-30T06:23:50.010798", "updated_at": null, "id": "54091c92-966f-47a4-b722-c2a99d8a0193", "name": "test_storage", "description": "Test storage array", "location": "Test location", "status": "normal", "sync_status": "SYNCED", "vendor": "test_vendor", "model": "test_model", "serial_number": "Serial_123_ABC", "firmware_version": "1.10.100", "total_capacity": 1000000, "used_capacity": 750000, "free_capacity": 250000, "raw_capacity": 2000000, "subscribed_capacity": 1500000, "deleted_at": null, "deleted": false} 
 </msg>
<msg timestamp="20210630 11:53:50.074" level="INFO">${resp_register} = &lt;Response [201]&gt;</msg>
<status status="PASS" starttime="20210630 11:53:49.883" endtime="20210630 11:53:50.074"/>
</kw>
<kw name="Status Should Be" library="RequestsLibrary">
<arg>201</arg>
<arg>${resp_register}</arg>
<doc>Fails if response status code is different than the expected.</doc>
<status status="PASS" starttime="20210630 11:53:50.074" endtime="20210630 11:53:50.075"/>
</kw>
<kw name="Dictionary Should Contain Key" library="Collections">
<arg>${resp_register.json()}</arg>
<arg>id</arg>
<doc>Fails if ``key`` is not found from ``dictionary``.</doc>
<status status="PASS" starttime="20210630 11:53:50.075" endtime="20210630 11:53:50.076"/>
</kw>
<kw name="Get Value From Json" library="JSONLibrary">
<var>${storage_id}</var>
<arg>${resp_register.json()}</arg>
<arg>$..id</arg>
<doc>Get Value From JSON using JSONPath</doc>
<msg timestamp="20210630 11:53:50.096" level="INFO">${storage_id} = ['54091c92-966f-47a4-b722-c2a99d8a0193']</msg>
<status status="PASS" starttime="20210630 11:53:50.076" endtime="20210630 11:53:50.096"/>
</kw>
<msg timestamp="20210630 11:53:50.097" level="INFO">${array_id} = 54091c92-966f-47a4-b722-c2a99d8a0193</msg>
<status status="PASS" starttime="20210630 11:53:49.849" endtime="20210630 11:53:50.097"/>
</kw>
<kw name="Sleep" library="BuiltIn">
<arg>5s</arg>
<doc>Pauses the test executed for the given time.</doc>
<msg timestamp="20210630 11:53:55.098" level="INFO">Slept 5 seconds</msg>
<status status="PASS" starttime="20210630 11:53:50.097" endtime="20210630 11:53:55.098"/>
</kw>
<status status="PASS" starttime="20210630 11:53:49.848" endtime="20210630 11:53:55.099"/>
</kw>
<test id="s1-s1-t1" name="GET Resources when test storage is registered">
<for flavor="IN ZIP">
<var>${res_url}</var>
<var>${res_ind}</var>
<value>${res_urls}</value>
<value>${res_indx}</value>
<iter>
<var name="${res_url}">storage-pools</var>
<var name="${res_ind}">storage_pools</var>
<kw name="Get All Resource Of">
<var>${ret_json}</var>
<arg>${res_url}</arg>
<kw name="Create Session" library="RequestsLibrary">
<arg>delfin</arg>
<arg>${delfin_url}</arg>
<doc>Create Session: create a HTTP session to a server</doc>
<msg timestamp="20210630 11:53:55.105" level="INFO">Creating Session using : alias=delfin, url=http://localhost:8190/v1, headers={},                     cookies={}, auth=None, timeout=None, proxies=None, verify=False,                     debug=0 </msg>
<status status="PASS" starttime="20210630 11:53:55.104" endtime="20210630 11:53:55.106"/>
</kw>
<kw name="Get On Session" library="RequestsLibrary">
<var>${resp_get}</var>
<arg>delfin</arg>
<arg>${resource}</arg>
<doc>Sends a GET request on a previously created HTTP Session.</doc>
<msg timestamp="20210630 11:53:55.118" level="INFO">GET Request : url=http://localhost:8190/v1/storage-pools 
 path_url=/v1/storage-pools 
 headers={'User-Agent': 'python-requests/2.25.1', 'Accept-Encoding': 'gzip, deflate', 'Accept': '*/*', 'Connection': 'keep-alive'} 
 body=None 
 </msg>
<msg timestamp="20210630 11:53:55.118" level="INFO">GET Response : url=http://localhost:8190/v1/storage-pools 
 status=200, reason=OK 
 headers={'X-Compute-Request-Id': 'req-f2adec7e-7614-49d4-b8bc-556ff4a07506', 'Content-Type': 'application/json', 'Content-Length': '1710', 'Date': 'Wed, 30 Jun 2021 06:23:55 GMT', 'Connection': 'keep-alive'} 
 body={"storage_pools": [{"created_at": "2021-06-30T06:23:50.214261", "updated_at": null, "id": "9e4d164c-ac76-4418-8cf8-4bc191e7d76d", "native_storage_pool_id": "test_native_pool_id_2", "name": "test_pool_2", "description": "Test Storage Pool", "storage_type": null, "status": "normal", "storage_id": "54091c92-966f-47a4-b722-c2a99d8a0193", "total_capacity": 50000, "used_capacity": 57500, "free_capacity": 2500, "subscribed_capacity": null}, {"created_at": "2021-06-30T06:23:50.214254", "updated_at": null, "id": "2d5a90c7-0fc8-4a18-8fde-728d000fd899", "native_storage_pool_id": "test_native_pool_id_1", "name": "test_pool_1", "description": "Test Storage Pool", "storage_type": "block", "status": "normal", "storage_id": "54091c92-966f-47a4-b722-c2a99d8a0193", "total_capacity": 10000, "used_capacity": 7500, "free_capacity": 2500, "subscribed_capacity": null}, {"created_at": "2021-06-28T09:52:38.028024", "updated_at": "2021-06-30T05:30:01.983525", "id": "d14b549b-58ae-4f87-aec3-d554f03a681a", "native_storage_pool_id": "storagePool_1", "name": "storagePool_1", "description": "Fake Pool", "storage_type": null, "status": "normal", "storage_id": "7c0aa42c-d744-4353-84da-3c9b7f631f5a", "total_capacity": 1765, "used_capacity": 1129, "free_capacity": 636, "subscribed_capacity": null}, {"created_at": "2021-06-28T09:52:38.028015", "updated_at": "2021-06-30T05:30:01.981020", "id": "0a14e2bb-636c-4c64-8fa7-6606d1755723", "native_storage_pool_id": "storagePool_0", "name": "storagePool_0", "description": "Fake Pool", "storage_type": null, "status": "normal", "storage_id": "7c0aa42c-d744-4353-84da-3c9b7f631f5a", "total_capacity": 1016, "used_capacity": 853, "free_capacity": 163, "subscribed_capacity": null}]} 
 </msg>
<msg timestamp="20210630 11:53:55.119" level="INFO">${resp_get} = &lt;Response [200]&gt;</msg>
<status status="PASS" starttime="20210630 11:53:55.106" endtime="20210630 11:53:55.119"/>
</kw>
<kw name="Status Should Be" library="RequestsLibrary">
<arg>200</arg>
<arg>${resp_get}</arg>
<doc>Fails if response status code is different than the expected.</doc>
<status status="PASS" starttime="20210630 11:53:55.119" endtime="20210630 11:53:55.119"/>
</kw>
<msg timestamp="20210630 11:53:55.120" level="INFO">${ret_json} = {'storage_pools': [{'created_at': '2021-06-30T06:23:50.214261', 'updated_at': None, 'id': '9e4d164c-ac76-4418-8cf8-4bc191e7d76d', 'native_storage_pool_id': 'test_native_pool_id_2', 'name': 'test_pool_...</msg>
<status status="PASS" starttime="20210630 11:53:55.102" endtime="20210630 11:53:55.120"/>
</kw>
<kw name="Get Value From Json" library="JSONLibrary">
<var>${res_s}</var>
<arg>${ret_json}</arg>
<arg>$..${res_ind}</arg>
<doc>Get Value From JSON using JSONPath</doc>
<msg timestamp="20210630 11:53:55.143" level="INFO">${res_s} = [[{'created_at': '2021-06-30T06:23:50.214261', 'updated_at': None, 'id': '9e4d164c-ac76-4418-8cf8-4bc191e7d76d', 'native_storage_pool_id': 'test_native_pool_id_2', 'name': 'test_pool_2', 'description'...</msg>
<status status="PASS" starttime="20210630 11:53:55.120" endtime="20210630 11:53:55.143"/>
</kw>
<kw name="Should Not Be Empty" library="BuiltIn">
<arg>${res_s[0]}</arg>
<doc>Verifies that the given item is not empty.</doc>
<msg timestamp="20210630 11:53:55.144" level="INFO">Length is 4</msg>
<status status="PASS" starttime="20210630 11:53:55.143" endtime="20210630 11:53:55.144"/>
</kw>
<status status="PASS" starttime="20210630 11:53:55.102" endtime="20210630 11:53:55.144"/>
</iter>
<iter>
<var name="${res_url}">volumes</var>
<var name="${res_ind}">volumes</var>
<kw name="Get All Resource Of">
<var>${ret_json}</var>
<arg>${res_url}</arg>
<kw name="Create Session" library="RequestsLibrary">
<arg>delfin</arg>
<arg>${delfin_url}</arg>
<doc>Create Session: create a HTTP session to a server</doc>
<msg timestamp="20210630 11:53:55.145" level="INFO">Creating Session using : alias=delfin, url=http://localhost:8190/v1, headers={},                     cookies={}, auth=None, timeout=None, proxies=None, verify=False,                     debug=0 </msg>
<status status="PASS" starttime="20210630 11:53:55.145" endtime="20210630 11:53:55.145"/>
</kw>
<kw name="Get On Session" library="RequestsLibrary">
<var>${resp_get}</var>
<arg>delfin</arg>
<arg>${resource}</arg>
<doc>Sends a GET request on a previously created HTTP Session.</doc>
<msg timestamp="20210630 11:53:55.334" level="INFO">GET Request : url=http://localhost:8190/v1/volumes 
 path_url=/v1/volumes 
 headers={'User-Agent': 'python-requests/2.25.1', 'Accept-Encoding': 'gzip, deflate', 'Accept': '*/*', 'Connection': 'keep-alive'} 
 body=None 
 </msg>
<msg timestamp="20210630 11:53:55.335" level="INFO">GET Response : url=http://localhost:8190/v1/volumes 
 status=200, reason=OK 
 headers={'X-Compute-Request-Id': 'req-8fceec22-f81a-49c1-a12a-fb16fc4abb31', 'Content-Type': 'application/json', 'Content-Length': '470172', 'Date': 'Wed, 30 Jun 2021 06:23:55 GMT', 'Connection': 'keep-alive'} 
 body={"volumes": [{"created_at": "2021-06-30T06:23:50.142608", "updated_at": null, "id": "49bd4d5e-46ce-4f9b-b3de-ed7ed2ec6d75", "native_volume_id": "test_native_volume_id_2", "name": "test_volume_2", "description": "Test Storage Pool", "type": null, "status": "normal", "storage_id": "54091c92-966f-47a4-b722-c2a99d8a0193", "native_storage_pool_id": "test_native_pool_id_2", "wwn": null, "total_capacity": 50000, "used_capacity": 57500, "free_capacity": 2500, "compressed": null, "deduplicated": null}, {"created_at": "2021-06-30T06:23:50.142604", "updated_at": null, "id": "806a5a26-0920-45c7-8322-c73a35c63923", "native_volume_id": "test_native_volume_id_1", "name": "test_volume_1", "description": "Test Storage Pool", "type": null, "status": "normal", "storage_id": "54091c92-966f-47a4-b722-c2a99d8a0193", "native_storage_pool_id": "test_native_pool_id_1", "wwn": null, "total_capacity": 10000, "used_capacity": 7500, "free_capacity": 2500, "compressed": null, "deduplicated": null}, {"created_at": "2021-06-30T05:30:04.200747", "updated_at": null, "id": "4b1dabb3-1808-40ed-bb67-c961c70892e6", "native_volume_id": "volume_1003", "name": "volume_1003", "description": "Fake Volume", "type": null, "status": "normal", "storage_id": "7c0aa42c-d744-4353-84da-3c9b7f631f5a", "native_storage_pool_id": null, "wwn": "fake_wwn_1003", "total_capacity": 1325, "used_capacity": 384, "free_capacity": 941, "compressed": null, "deduplicated": null}, {"created_at": "2021-06-30T05:30:04.200745", "updated_at": null, "id": "f89067f1-8aa8-4fcf-82b2-ca6674be92f2", "native_volume_id": "volume_1002", "name": "volume_1002", "description": "Fake Volume", "type": null, "status": "normal", "storage_id": "7c0aa42c-d744-4353-84da-3c9b7f631f5a", "native_storage_pool_id": null, "wwn": "fake_wwn_1002", "total_capacity": 1563, "used_capacity": 656, "free_capacity": 907, "compressed": null, "deduplicated": null}, {"created_at": "2021-06-30T05:30:04.200744", "updated_at": null, "id": "98e4e094-6dca-4798-aaa9-51641b246f95", "native_volume_id": "volume_1001", "name": "volume_1001", "description": "Fake Volume", "type": null, "status": "normal", "storage_id": "7c0aa42c-d744-4353-84da-3c9b7f631f5a", "native_storage_pool_id": null, "wwn": "fake_wwn_1001", "total_capacity": 1206, "used_capacity": 976, "free_capacity": 230, "compressed": null, "deduplicated": null}, {"created_at": "2021-06-30T05:30:04.200742", "updated_at": null, "id": "93dd888e-7830-4426-8167-080f32f1c136", "native_volume_id": "volume_1000", "name": "volume_1000", "description": "Fake Volume", "type": null, "status": "normal", "storage_id": "7c0aa42c-d744-4353-84da-3c9b7f631f5a", "native_storage_pool_id": null, "wwn": "fake_wwn_1000", "total_capacity": 1753, "used_capacity": 1297, "free_capacity": 456, "compressed": null, "deduplicated": null}, {"created_at": "2021-06-30T05:30:04.200741", "updated_at": null, "id": "616f47fb-a63f-44ee-ab49-d3312f93d354", "native_volume_id": "volume_999", "name": "volume_999", "description": "Fake Volume", "type": null, "status": "normal", "storage_id": "7c0aa42c-d744-4353-84da-3c9b7f631f5a", "native_storage_pool_id": null, "wwn": "fake_wwn_999", "total_capacity": 1781, "used_capacity": 1585, "free_capacity": 196, "compressed": null, "deduplicated": null}, {"created_at": "2021-06-30T05:30:04.200740", "updated_at": null, "id": "f9fe4d55-8d31-4049-93cd-614ec8882549", "native_volume_id": "volume_998", "name": "volume_998", "description": "Fake Volume", "type": null, "status": "normal", "storage_id": "7c0aa42c-d744-4353-84da-3c9b7f631f5a", "native_storage_pool_id": null, "wwn": "fake_wwn_998", "total_capacity": 1982, "used_capacity": 1565, "free_capacity": 417, "compressed": null, "deduplicated": null}, {"created_at": "2021-06-30T05:30:04.200738", "updated_at": null, "id": "db889d92-ecf5-4951-b807-90eca98c7690", "native_volume_id": "volume_997", "name": "volume_997", "description": "Fake Volume", "type": null, "status": "normal", "storage_id": "7c0aa42c-d744-4353-84da-3c9b7f631f5a", "native_storage_pool_id": null, "wwn": "fake_wwn_997", "total_capacity": 1395, "used_capacity": 1325, "free_capacity": 70, "compressed": null, "deduplicated": null}, {"created_at": "2021-06-30T05:30:04.200737", "updated_at": null, "id": "8de27a22-7aa5-4575-9d4a-2bb679f8988a", "native_volume_id": "volume_996", "name": "volume_996", "description": "Fake Volume", "type": null, "status": "normal", "storage_id": "7c0aa42c-d744-4353-84da-3c9b7f631f5a", "native_storage_pool_id": null, "wwn": "fake_wwn_996", "total_capacity": 1268, "used_capacity": 12, "free_capacity": 1256, "compressed": null, "deduplicated": null}, {"created_at": "2021-06-30T05:30:04.200736", "updated_at": null, "id": "13094919-0833-4e5a-a346-c7ab415abb2e", "native_volume_id": "volume_995", "name": "volume_995", "description": "Fake Volume", "type": null, "status": "normal", "storage_id": "7c0aa42c-d744-4353-84da-3c9b7f631f5a", "native_storage_pool_id": null, "wwn": "fake_wwn_995", "total_capacity": 1543, "used_capacity": 432, "free_capacity": 1111, "compressed": null, "deduplicated": null}, {"created_at": "2021-06-30T05:30:04.200726", "updated_at": null, "id": "0ee5184d-b77d-4f36-93bc-10ff0c7905e2", "native_volume_id": "volume_994", "name": "volume_994", "description": "Fake Volume", "type": null, "status": "normal", "storage_id": "7c0aa42c-d744-4353-84da-3c9b7f631f5a", "native_storage_pool_id": null, "wwn": "fake_wwn_994", "total_capacity": 1011, "used_capacity": 909, "free_capacity": 102, "compressed": null, "deduplicated": null}, {"created_at": "2021-06-30T05:30:04.200725", "updated_at": null, "id": "97d8067f-2333-4a6e-ad3e-b14b44e3a275", "native_volume_id": "volume_993", "name": "volume_993", "description": "Fake Volume", "type": null, "status": "normal", "storage_id": "7c0aa42c-d744-4353-84da-3c9b7f631f5a", "native_storage_pool_id": null, "wwn": "fake_wwn_993", "total_capacity": 1977, "used_capacity": 1186, "free_capacity": 791, "compressed": null, "deduplicated": null}, {"created_at": "2021-06-30T05:30:04.200724", "updated_at": null, "id": "9ce7c1a5-7cf8-4b11-954c-23633d8eb4ec", "native_volume_id": "volume_992", "name": "volume_992", "description": "Fake Volume", "type": null, "status": "normal", "storage_id": "7c0aa42c-d744-4353-84da-3c9b7f631f5a", "native_storage_pool_id": null, "wwn": "fake_wwn_992", "total_capacity": 1962, "used_capacity": 1000, "free_capacity": 962, "compressed": null, "deduplicated": null}, {"created_at": "2021-06-30T05:30:04.200722", "updated_at": null, "id": "12ac523b-5b76-43d4-ad6e-6235f8a2e9dc", "native_volume_id": "volume_991", "name": "volume_991", "description": "Fake Volume", "type": null, "status": "normal", "storage_id": "7c0aa42c-d744-4353-84da-3c9b7f631f5a", "native_storage_pool_id": null, "wwn": "fake_wwn_991", "total_capacity": 1098, "used_capacity": 757, "free_capacity": 341, "compressed": null, "deduplicated": null}, {"created_at": "2021-06-30T05:30:04.200720", "updated_at": null, "id": "8b6bbabd-acb7-4a9b-ae4c-5eab4d697cbf", "native_volume_id": "volume_990", "name": "volume_990", "description": "Fake Volume", "type": null, "status": "normal", "storage_id": "7c0aa42c-d744-4353-84da-3c9b7f631f5a", "native_storage_pool_id": null, "wwn": "fake_wwn_990", "total_capacity": 1079, "used_capacity": 1046, "free_capacity": 33, "compressed": null, "deduplicated": null}, {"created_at": "2021-06-30T05:30:04.200719", "updated_at": null, "id": "edd2437e-cb5e-4148-bbbf-314bdf86a3dc", "native_volume_id": "volume_989", "name": "volume_989", "description": "Fake Volume", "type": null, "status": "normal", "storage_id": "7c0aa42c-d744-4353-84da-3c9b7f631f5a", "native_storage_pool_id": null, "wwn": "fake_wwn_989", "total_capacity": 1502, "used_capacity": 1411, "free_capacity": 91, "compressed": null, "deduplicated": null}, {"created_at": "2021-06-30T05:30:04.200717", "updated_at": null, "id": "ac86c0a4-af3e-4d7f-a227-18ae9ed84f51", "native_volume_id": "volume_988", "name": "volume_988", "description": "Fake Volume", "type": null, "status": "normal", "storage_id": "7c0aa42c-d744-4353-84da-3c9b7f631f5a", "native_storage_pool_id": null, "wwn": "fake_wwn_988", "total_capacity": 1253, "used_capacity": 1202, "free_capacity": 51, "compressed": null, "deduplicated": null}, {"created_at": "2021-06-30T05:30:04.200716", "updated_at": null, "id": "49bf177d-bc7a-40a4-8acf-033bc865ec05", "native_volume_id": "volume_987", "name": "volume_987", "description": "Fake Volume", "type": null, "status": "normal", "storage_id": "7c0aa42c-d744-4353-84da-3c9b7f631f5a", "native_storage_pool_id": null, "wwn": "fake_wwn_987", "total_capacity": 1223, "used_capacity": 684, "free_capacity": 539, "compressed": null, "deduplicated": null}, {"created_at": "2021-06-30T05:30:04.200714", "updated_at": null, "id": "5faa7872-39e7-4013-b0d0-7abfc61b1a06", "native_volume_id": "volume_986", "name": "volume_986", "description": "Fake Volume", "type": null, "status": "normal", "storage_id": "7c0aa42c-d744-4353-84da-3c9b7f631f5a", "native_storage_pool_id": null, "wwn": "fake_wwn_986", "total_capacity": 1331, "used_capacity": 412, "free_capacity": 919, "compressed": null, "deduplicated": null}, {"created_at": "2021-06-30T05:30:04.200713", "updated_at": null, "id": "39c3f7f8-66dd-4f42-a062-235dd6ddc743", "native_volume_id": "volume_985", "name": "volume_985", "description": "Fake Volume", "type": null, "status": "normal", "storage_id": "7c0aa42c-d744-4353-84da-3c9b7f631f5a", "native_storage_pool_id": null, "wwn": "fake_wwn_985", "total_capacity": 1455, "used_capacity": 698, "free_capacity": 757, "compressed": null, "deduplicated": null}, {"created_at": "2021-06-30T05:30:04.200711", "updated_at": null, "id": "d6c34de6-0986-48a4-b61d-6e7e9ad916a4", "native_volume_id": "volume_984", "name": "volume_984", "description": "Fake Volume", "type": null, "status": "normal", "storage_id": "7c0aa42c-d744-4353-84da-3c9b7f631f5a", "native_storage_pool_id": null, "wwn": "fake_wwn_984", "total_capacity": 1249, "used_capacity": 1036, "free_capacity": 213, "compressed": null, ... (set the log level to DEBUG or TRACE to see the full content) 
 </msg>
<msg timestamp="20210630 11:53:55.335" level="INFO">${resp_get} = &lt;Response [200]&gt;</msg>
<status status="PASS" starttime="20210630 11:53:55.145" endtime="20210630 11:53:55.335"/>
</kw>
<kw name="Status Should Be" library="RequestsLibrary">
<arg>200</arg>
<arg>${resp_get}</arg>
<doc>Fails if response status code is different than the expected.</doc>
<status status="PASS" starttime="20210630 11:53:55.335" endtime="20210630 11:53:55.336"/>
</kw>
<msg timestamp="20210630 11:53:55.344" level="INFO">${ret_json} = {'volumes': [{'created_at': '2021-06-30T06:23:50.142608', 'updated_at': None, 'id': '49bd4d5e-46ce-4f9b-b3de-ed7ed2ec6d75', 'native_volume_id': 'test_native_volume_id_2', 'name': 'test_volume_2', 'des...</msg>
<status status="PASS" starttime="20210630 11:53:55.145" endtime="20210630 11:53:55.345"/>
</kw>
<kw name="Get Value From Json" library="JSONLibrary">
<var>${res_s}</var>
<arg>${ret_json}</arg>
<arg>$..${res_ind}</arg>
<doc>Get Value From JSON using JSONPath</doc>
<msg timestamp="20210630 11:53:55.421" level="INFO">${res_s} = [[{'created_at': '2021-06-30T06:23:50.142608', 'updated_at': None, 'id': '49bd4d5e-46ce-4f9b-b3de-ed7ed2ec6d75', 'native_volume_id': 'test_native_volume_id_2', 'name': 'test_volume_2', 'description': ...</msg>
<status status="PASS" starttime="20210630 11:53:55.345" endtime="20210630 11:53:55.421"/>
</kw>
<kw name="Should Not Be Empty" library="BuiltIn">
<arg>${res_s[0]}</arg>
<doc>Verifies that the given item is not empty.</doc>
<msg timestamp="20210630 11:53:55.422" level="INFO">Length is 1000</msg>
<status status="PASS" starttime="20210630 11:53:55.422" endtime="20210630 11:53:55.422"/>
</kw>
<status status="PASS" starttime="20210630 11:53:55.144" endtime="20210630 11:53:55.422"/>
</iter>
<iter>
<var name="${res_url}">controllers</var>
<var name="${res_ind}">controllers</var>
<kw name="Get All Resource Of">
<var>${ret_json}</var>
<arg>${res_url}</arg>
<kw name="Create Session" library="RequestsLibrary">
<arg>delfin</arg>
<arg>${delfin_url}</arg>
<doc>Create Session: create a HTTP session to a server</doc>
<msg timestamp="20210630 11:53:55.423" level="INFO">Creating Session using : alias=delfin, url=http://localhost:8190/v1, headers={},                     cookies={}, auth=None, timeout=None, proxies=None, verify=False,                     debug=0 </msg>
<status status="PASS" starttime="20210630 11:53:55.423" endtime="20210630 11:53:55.424"/>
</kw>
<kw name="Get On Session" library="RequestsLibrary">
<var>${resp_get}</var>
<arg>delfin</arg>
<arg>${resource}</arg>
<doc>Sends a GET request on a previously created HTTP Session.</doc>
<msg timestamp="20210630 11:53:55.432" level="INFO">GET Request : url=http://localhost:8190/v1/controllers 
 path_url=/v1/controllers 
 headers={'User-Agent': 'python-requests/2.25.1', 'Accept-Encoding': 'gzip, deflate', 'Accept': '*/*', 'Connection': 'keep-alive'} 
 body=None 
 </msg>
<msg timestamp="20210630 11:53:55.432" level="INFO">GET Response : url=http://localhost:8190/v1/controllers 
 status=200, reason=OK 
 headers={'X-Compute-Request-Id': 'req-3c77d7ef-107e-4f5a-b0b6-e581068bf094', 'Content-Type': 'application/json', 'Content-Length': '2594', 'Date': 'Wed, 30 Jun 2021 06:23:55 GMT', 'Connection': 'keep-alive'} 
 body={"controllers": [{"created_at": "2021-06-30T06:23:50.149736", "updated_at": null, "id": "6eee97d0-eb77-497c-8551-d077e3f570c0", "native_controller_id": "test_native_ctrl_id_2", "name": "test_controller_2", "status": "normal", "location": "location_controller_2", "soft_version": "ver_200", "cpu_info": "ARM x64", "memory_size": 10000, "storage_id": "54091c92-966f-47a4-b722-c2a99d8a0193"}, {"created_at": "2021-06-30T06:23:50.149732", "updated_at": null, "id": "cb276274-bb69-4e2d-a12c-ee82fea888cc", "native_controller_id": "test_native_ctrl_id_1", "name": "test_controller_1", "status": "normal", "location": "location_controller_1", "soft_version": "ver_100", "cpu_info": "Intel Xenon", "memory_size": 10000, "storage_id": "54091c92-966f-47a4-b722-c2a99d8a0193"}, {"created_at": "2021-06-30T05:30:01.327508", "updated_at": null, "id": "ef7638c9-8ba9-46f7-9535-ccf998716689", "native_controller_id": "controller_4", "name": "controller_4", "status": "offline", "location": "loc_10", "soft_version": "ver_756", "cpu_info": "Intel Xenon", "memory_size": 1373, "storage_id": "7c0aa42c-d744-4353-84da-3c9b7f631f5a"}, {"created_at": "2021-06-30T05:00:02.347785", "updated_at": "2021-06-30T05:30:01.241569", "id": "f7a921c3-aafa-4989-8267-fafd943aa1fb", "native_controller_id": "controller_3", "name": "controller_3", "status": "offline", "location": "loc_60", "soft_version": "ver_79", "cpu_info": "Intel Xenon", "memory_size": 1303, "storage_id": "7c0aa42c-d744-4353-84da-3c9b7f631f5a"}, {"created_at": "2021-06-30T05:00:02.347782", "updated_at": "2021-06-30T05:30:01.239965", "id": "b34a0d96-153a-45c9-a9a7-efa84934ee6d", "native_controller_id": "controller_2", "name": "controller_2", "status": "unknown", "location": "loc_0", "soft_version": "ver_910", "cpu_info": "Intel Xenon", "memory_size": 1257, "storage_id": "7c0aa42c-d744-4353-84da-3c9b7f631f5a"}, {"created_at": "2021-06-30T05:00:02.347775", "updated_at": "2021-06-30T05:30:01.238446", "id": "8c3031d5-01fe-4d37-a669-bade29cd3538", "native_controller_id": "controller_1", "name": "controller_1", "status": "offline", "location": "loc_11", "soft_version": "ver_23", "cpu_info": "ARM", "memory_size": 1184, "storage_id": "7c0aa42c-d744-4353-84da-3c9b7f631f5a"}, {"created_at": "2021-06-28T09:52:37.654465", "updated_at": "2021-06-30T05:30:01.235803", "id": "01a5032a-25e9-4d40-80b3-ad7e02bd0f48", "native_controller_id": "controller_0", "name": "controller_0", "status": "unknown", "location": "loc_79", "soft_version": "ver_950", "cpu_info": "Intel Core ix", "memory_size": 1220, "storage_id": "7c0aa42c-d744-4353-84da-3c9b7f631f5a"}]} 
 </msg>
<msg timestamp="20210630 11:53:55.432" level="INFO">${resp_get} = &lt;Response [200]&gt;</msg>
<status status="PASS" starttime="20210630 11:53:55.424" endtime="20210630 11:53:55.432"/>
</kw>
<kw name="Status Should Be" library="RequestsLibrary">
<arg>200</arg>
<arg>${resp_get}</arg>
<doc>Fails if response status code is different than the expected.</doc>
<status status="PASS" starttime="20210630 11:53:55.432" endtime="20210630 11:53:55.433"/>
</kw>
<msg timestamp="20210630 11:53:55.433" level="INFO">${ret_json} = {'controllers': [{'created_at': '2021-06-30T06:23:50.149736', 'updated_at': None, 'id': '6eee97d0-eb77-497c-8551-d077e3f570c0', 'native_controller_id': 'test_native_ctrl_id_2', 'name': 'test_controlle...</msg>
<status status="PASS" starttime="20210630 11:53:55.423" endtime="20210630 11:53:55.433"/>
</kw>
<kw name="Get Value From Json" library="JSONLibrary">
<var>${res_s}</var>
<arg>${ret_json}</arg>
<arg>$..${res_ind}</arg>
<doc>Get Value From JSON using JSONPath</doc>
<msg timestamp="20210630 11:53:55.456" level="INFO">${res_s} = [[{'created_at': '2021-06-30T06:23:50.149736', 'updated_at': None, 'id': '6eee97d0-eb77-497c-8551-d077e3f570c0', 'native_controller_id': 'test_native_ctrl_id_2', 'name': 'test_controller_2', 'status':...</msg>
<status status="PASS" starttime="20210630 11:53:55.433" endtime="20210630 11:53:55.456"/>
</kw>
<kw name="Should Not Be Empty" library="BuiltIn">
<arg>${res_s[0]}</arg>
<doc>Verifies that the given item is not empty.</doc>
<msg timestamp="20210630 11:53:55.457" level="INFO">Length is 7</msg>
<status status="PASS" starttime="20210630 11:53:55.456" endtime="20210630 11:53:55.457"/>
</kw>
<status status="PASS" starttime="20210630 11:53:55.423" endtime="20210630 11:53:55.457"/>
</iter>
<iter>
<var name="${res_url}">disks</var>
<var name="${res_ind}">disks</var>
<kw name="Get All Resource Of">
<var>${ret_json}</var>
<arg>${res_url}</arg>
<kw name="Create Session" library="RequestsLibrary">
<arg>delfin</arg>
<arg>${delfin_url}</arg>
<doc>Create Session: create a HTTP session to a server</doc>
<msg timestamp="20210630 11:53:55.458" level="INFO">Creating Session using : alias=delfin, url=http://localhost:8190/v1, headers={},                     cookies={}, auth=None, timeout=None, proxies=None, verify=False,                     debug=0 </msg>
<status status="PASS" starttime="20210630 11:53:55.457" endtime="20210630 11:53:55.458"/>
</kw>
<kw name="Get On Session" library="RequestsLibrary">
<var>${resp_get}</var>
<arg>delfin</arg>
<arg>${resource}</arg>
<doc>Sends a GET request on a previously created HTTP Session.</doc>
<msg timestamp="20210630 11:53:55.467" level="INFO">GET Request : url=http://localhost:8190/v1/disks 
 path_url=/v1/disks 
 headers={'User-Agent': 'python-requests/2.25.1', 'Accept-Encoding': 'gzip, deflate', 'Accept': '*/*', 'Connection': 'keep-alive'} 
 body=None 
 </msg>
<msg timestamp="20210630 11:53:55.468" level="INFO">GET Response : url=http://localhost:8190/v1/disks 
 status=200, reason=OK 
 headers={'X-Compute-Request-Id': 'req-e3fe401b-5475-422a-80c0-ba4e9b1443e6', 'Content-Type': 'application/json', 'Content-Length': '4085', 'Date': 'Wed, 30 Jun 2021 06:23:55 GMT', 'Connection': 'keep-alive'} 
 body={"disks": [{"created_at": "2021-06-30T06:23:50.164479", "updated_at": null, "id": "12392bd1-9ca2-4f23-96a8-7b811100ebf8", "native_disk_id": "test_native_disk_id_2", "name": "test_disk_id_1", "physical_type": "ssd", "logical_type": "free", "status": "normal", "location": "location_disk_1", "storage_id": "54091c92-966f-47a4-b722-c2a99d8a0193", "native_disk_group_id": null, "serial_number": "serial_1000", "manufacturer": "Crucial", "model": "model_SSD3D", "firmware": "firmware_123", "speed": 1000, "capacity": 10000, "health_score": 75}, {"created_at": "2021-06-30T06:23:50.164475", "updated_at": null, "id": "32add9ca-5bed-473c-a7a7-087a70558791", "native_disk_id": "test_native_disk_id_2", "name": "test_disk_id_1", "physical_type": "ssd", "logical_type": "free", "status": "normal", "location": "location_disk_1", "storage_id": "54091c92-966f-47a4-b722-c2a99d8a0193", "native_disk_group_id": null, "serial_number": "serial_1000", "manufacturer": "Crucial", "model": "model_SSD3D", "firmware": "firmware_123", "speed": 1000, "capacity": 10000, "health_score": 75}, {"created_at": "2021-06-28T09:52:37.696032", "updated_at": null, "id": "a20f3ded-174e-470f-b42a-e1f4cb6b0711", "native_disk_id": "disk_5", "name": "disk_5", "physical_type": "lun", "logical_type": "shared", "status": "normal", "location": "location_99", "storage_id": "7c0aa42c-d744-4353-84da-3c9b7f631f5a", "native_disk_group_id": null, "serial_number": "serial_8344", "manufacturer": "Crucial", "model": "model_3551", "firmware": "firmware_6316", "speed": 111, "capacity": 1399, "health_score": 37}, {"created_at": "2021-06-28T09:52:37.696030", "updated_at": null, "id": "3b9570a3-ea97-4aaf-9ed2-699a97849b74", "native_disk_id": "disk_4", "name": "disk_4", "physical_type": "ssd", "logical_type": "free", "status": "normal", "location": "location_33", "storage_id": "7c0aa42c-d744-4353-84da-3c9b7f631f5a", "native_disk_group_id": null, "serial_number": "serial_9636", "manufacturer": "Intel", "model": "model_3108", "firmware": "firmware_1556", "speed": 372, "capacity": 1693, "health_score": 51}, {"created_at": "2021-06-28T09:52:37.696028", "updated_at": null, "id": "e46b96bb-22ef-4cec-84c5-fd22d982abf1", "native_disk_id": "disk_3", "name": "disk_3", "physical_type": "ssd-card", "logical_type": "member", "status": "offline", "location": "location_48", "storage_id": "7c0aa42c-d744-4353-84da-3c9b7f631f5a", "native_disk_group_id": null, "serial_number": "serial_8280", "manufacturer": "WD", "model": "model_7463", "firmware": "firmware_8416", "speed": 821, "capacity": 1825, "health_score": 20}, {"created_at": "2021-06-28T09:52:37.696026", "updated_at": null, "id": "7903dddd-9847-4e7a-8164-20631aeb85fe", "native_disk_id": "disk_2", "name": "disk_2", "physical_type": "vmdisk", "logical_type": "aggregate", "status": "abnormal", "location": "location_7", "storage_id": "7c0aa42c-d744-4353-84da-3c9b7f631f5a", "native_disk_group_id": null, "serial_number": "serial_7977", "manufacturer": "Crucial", "model": "model_9054", "firmware": "firmware_2357", "speed": 206, "capacity": 1879, "health_score": 22}, {"created_at": "2021-06-28T09:52:37.696023", "updated_at": null, "id": "270db5e4-08ad-4dbb-b4f9-e04da04be026", "native_disk_id": "disk_1", "name": "disk_1", "physical_type": "vmdisk", "logical_type": "unknown", "status": "abnormal", "location": "location_93", "storage_id": "7c0aa42c-d744-4353-84da-3c9b7f631f5a", "native_disk_group_id": null, "serial_number": "serial_9045", "manufacturer": "Crucial", "model": "model_5483", "firmware": "firmware_2466", "speed": 0, "capacity": 1738, "health_score": 0}, {"created_at": "2021-06-28T09:52:37.696016", "updated_at": null, "id": "effbc7f5-4696-401d-80e5-cabfd8ff931f", "native_disk_id": "disk_0", "name": "disk_0", "physical_type": "fc", "logical_type": "spare", "status": "offline", "location": "location_67", "storage_id": "7c0aa42c-d744-4353-84da-3c9b7f631f5a", "native_disk_group_id": null, "serial_number": "serial_3367", "manufacturer": "Intel", "model": "model_8498", "firmware": "firmware_5239", "speed": 214, "capacity": 1262, "health_score": 79}]} 
 </msg>
<msg timestamp="20210630 11:53:55.468" level="INFO">${resp_get} = &lt;Response [200]&gt;</msg>
<status status="PASS" starttime="20210630 11:53:55.458" endtime="20210630 11:53:55.468"/>
</kw>
<kw name="Status Should Be" library="RequestsLibrary">
<arg>200</arg>
<arg>${resp_get}</arg>
<doc>Fails if response status code is different than the expected.</doc>
<status status="PASS" starttime="20210630 11:53:55.468" endtime="20210630 11:53:55.468"/>
</kw>
<msg timestamp="20210630 11:53:55.469" level="INFO">${ret_json} = {'disks': [{'created_at': '2021-06-30T06:23:50.164479', 'updated_at': None, 'id': '12392bd1-9ca2-4f23-96a8-7b811100ebf8', 'native_disk_id': 'test_native_disk_id_2', 'name': 'test_disk_id_1', 'physical...</msg>
<status status="PASS" starttime="20210630 11:53:55.457" endtime="20210630 11:53:55.469"/>
</kw>
<kw name="Get Value From Json" library="JSONLibrary">
<var>${res_s}</var>
<arg>${ret_json}</arg>
<arg>$..${res_ind}</arg>
<doc>Get Value From JSON using JSONPath</doc>
<msg timestamp="20210630 11:53:55.490" level="INFO">${res_s} = [[{'created_at': '2021-06-30T06:23:50.164479', 'updated_at': None, 'id': '12392bd1-9ca2-4f23-96a8-7b811100ebf8', 'native_disk_id': 'test_native_disk_id_2', 'name': 'test_disk_id_1', 'physical_type': '...</msg>
<status status="PASS" starttime="20210630 11:53:55.469" endtime="20210630 11:53:55.490"/>
</kw>
<kw name="Should Not Be Empty" library="BuiltIn">
<arg>${res_s[0]}</arg>
<doc>Verifies that the given item is not empty.</doc>
<msg timestamp="20210630 11:53:55.491" level="INFO">Length is 8</msg>
<status status="PASS" starttime="20210630 11:53:55.490" endtime="20210630 11:53:55.491"/>
</kw>
<status status="PASS" starttime="20210630 11:53:55.457" endtime="20210630 11:53:55.491"/>
</iter>
<iter>
<var name="${res_url}">ports</var>
<var name="${res_ind}">ports</var>
<kw name="Get All Resource Of">
<var>${ret_json}</var>
<arg>${res_url}</arg>
<kw name="Create Session" library="RequestsLibrary">
<arg>delfin</arg>
<arg>${delfin_url}</arg>
<doc>Create Session: create a HTTP session to a server</doc>
<msg timestamp="20210630 11:53:55.492" level="INFO">Creating Session using : alias=delfin, url=http://localhost:8190/v1, headers={},                     cookies={}, auth=None, timeout=None, proxies=None, verify=False,                     debug=0 </msg>
<status status="PASS" starttime="20210630 11:53:55.492" endtime="20210630 11:53:55.492"/>
</kw>
<kw name="Get On Session" library="RequestsLibrary">
<var>${resp_get}</var>
<arg>delfin</arg>
<arg>${resource}</arg>
<doc>Sends a GET request on a previously created HTTP Session.</doc>
<msg timestamp="20210630 11:53:55.501" level="INFO">GET Request : url=http://localhost:8190/v1/ports 
 path_url=/v1/ports 
 headers={'User-Agent': 'python-requests/2.25.1', 'Accept-Encoding': 'gzip, deflate', 'Accept': '*/*', 'Connection': 'keep-alive'} 
 body=None 
 </msg>
<msg timestamp="20210630 11:53:55.501" level="INFO">GET Response : url=http://localhost:8190/v1/ports 
 status=200, reason=OK 
 headers={'X-Compute-Request-Id': 'req-ffce80a7-9401-424e-a243-e3e254464731', 'Content-Type': 'application/json', 'Content-Length': '3437', 'Date': 'Wed, 30 Jun 2021 06:23:55 GMT', 'Connection': 'keep-alive'} 
 body={"ports": [{"created_at": "2021-06-30T06:23:50.157088", "updated_at": null, "id": "ae3f4f12-c228-4db1-a22e-013e194da11d", "native_port_id": "test_native_port_id_2", "name": "test_port_2", "location": "location_port_2", "type": "fc", "logical_type": "location_port_2", "connection_status": "connected", "health_status": "normal", "storage_id": "54091c92-966f-47a4-b722-c2a99d8a0193", "native_parent_id": "test_ports_parent_id_2", "speed": 100, "max_speed": 1000, "wwn": "wwn_20000", "mac_address": "mac_abcd", "ipv4": "100.0.0.0", "ipv4_mask": "255.255.255.0", "ipv6": "0", "ipv6_mask": "::"}, {"created_at": "2021-06-30T06:23:50.157085", "updated_at": null, "id": "9267513c-afc9-4953-af9c-8ef8e60f6d0b", "native_port_id": "test_native_port_id_1", "name": "test_port_1", "location": "location_port_1", "type": "fc", "logical_type": "location_port_1", "connection_status": "connected", "health_status": "normal", "storage_id": "54091c92-966f-47a4-b722-c2a99d8a0193", "native_parent_id": "test_ports_parent_id_1", "speed": 100, "max_speed": 1000, "wwn": "wwn_10000", "mac_address": "mac_abcd", "ipv4": "0.0.0.0", "ipv4_mask": "255.255.255.0", "ipv6": "0", "ipv6_mask": "::"}, {"created_at": "2021-06-30T05:00:02.362914", "updated_at": "2021-06-30T05:30:01.797468", "id": "1a84eef7-efd6-4244-b356-7b5987a04c70", "native_port_id": "port_3", "name": "port_3", "location": "location_15", "type": "fcoe", "logical_type": "maintenance", "connection_status": "disconnected", "health_status": "normal", "storage_id": "7c0aa42c-d744-4353-84da-3c9b7f631f5a", "native_parent_id": "parent_id_55", "speed": 823, "max_speed": 1395, "wwn": "wwn_9817", "mac_address": "mac_8768", "ipv4": "0.0.0.0", "ipv4_mask": "255.255.255.0", "ipv6": "0", "ipv6_mask": "::"}, {"created_at": "2021-06-29T14:00:02.003441", "updated_at": "2021-06-30T05:30:01.795217", "id": "4fd17100-0cb8-429d-b214-6b7e4b20020c", "native_port_id": "port_2", "name": "port_2", "location": "location_50", "type": "eth", "logical_type": "cluster-mgmt", "connection_status": "connected", "health_status": "normal", "storage_id": "7c0aa42c-d744-4353-84da-3c9b7f631f5a", "native_parent_id": "parent_id_35", "speed": 1310, "max_speed": 1795, "wwn": "wwn_1054", "mac_address": "mac_223", "ipv4": "0.0.0.0", "ipv4_mask": "255.255.255.0", "ipv6": "0", "ipv6_mask": "::"}, {"created_at": "2021-06-29T14:00:02.003437", "updated_at": "2021-06-30T05:30:01.793123", "id": "a7aa0b86-2b5a-4628-83cf-1b660ef4d105", "native_port_id": "port_1", "name": "port_1", "location": "location_95", "type": "eth", "logical_type": "management", "connection_status": "unknown", "health_status": "unknown", "storage_id": "7c0aa42c-d744-4353-84da-3c9b7f631f5a", "native_parent_id": "parent_id_82", "speed": 703, "max_speed": 1852, "wwn": "wwn_7819", "mac_address": "mac_5039", "ipv4": "0.0.0.0", "ipv4_mask": "255.255.255.0", "ipv6": "0", "ipv6_mask": "::"}, {"created_at": "2021-06-28T09:52:37.663983", "updated_at": "2021-06-30T05:30:01.789869", "id": "786ebac8-01f9-426d-8a42-f5f3cb5f8a50", "native_port_id": "port_0", "name": "port_0", "location": "location_67", "type": "sas", "logical_type": "internal", "connection_status": "unknown", "health_status": "abnormal", "storage_id": "7c0aa42c-d744-4353-84da-3c9b7f631f5a", "native_parent_id": "parent_id_43", "speed": 881, "max_speed": 1632, "wwn": "wwn_7112", "mac_address": "mac_5535", "ipv4": "0.0.0.0", "ipv4_mask": "255.255.255.0", "ipv6": "0", "ipv6_mask": "::"}]} 
 </msg>
<msg timestamp="20210630 11:53:55.501" level="INFO">${resp_get} = &lt;Response [200]&gt;</msg>
<status status="PASS" starttime="20210630 11:53:55.492" endtime="20210630 11:53:55.501"/>
</kw>
<kw name="Status Should Be" library="RequestsLibrary">
<arg>200</arg>
<arg>${resp_get}</arg>
<doc>Fails if response status code is different than the expected.</doc>
<status status="PASS" starttime="20210630 11:53:55.502" endtime="20210630 11:53:55.502"/>
</kw>
<msg timestamp="20210630 11:53:55.503" level="INFO">${ret_json} = {'ports': [{'created_at': '2021-06-30T06:23:50.157088', 'updated_at': None, 'id': 'ae3f4f12-c228-4db1-a22e-013e194da11d', 'native_port_id': 'test_native_port_id_2', 'name': 'test_port_2', 'location': ...</msg>
<status status="PASS" starttime="20210630 11:53:55.491" endtime="20210630 11:53:55.503"/>
</kw>
<kw name="Get Value From Json" library="JSONLibrary">
<var>${res_s}</var>
<arg>${ret_json}</arg>
<arg>$..${res_ind}</arg>
<doc>Get Value From JSON using JSONPath</doc>
<msg timestamp="20210630 11:53:55.523" level="INFO">${res_s} = [[{'created_at': '2021-06-30T06:23:50.157088', 'updated_at': None, 'id': 'ae3f4f12-c228-4db1-a22e-013e194da11d', 'native_port_id': 'test_native_port_id_2', 'name': 'test_port_2', 'location': 'location...</msg>
<status status="PASS" starttime="20210630 11:53:55.503" endtime="20210630 11:53:55.523"/>
</kw>
<kw name="Should Not Be Empty" library="BuiltIn">
<arg>${res_s[0]}</arg>
<doc>Verifies that the given item is not empty.</doc>
<msg timestamp="20210630 11:53:55.524" level="INFO">Length is 6</msg>
<status status="PASS" starttime="20210630 11:53:55.523" endtime="20210630 11:53:55.524"/>
</kw>
<status status="PASS" starttime="20210630 11:53:55.491" endtime="20210630 11:53:55.524"/>
</iter>
<iter>
<var name="${res_url}">quotas</var>
<var name="${res_ind}">quotas</var>
<kw name="Get All Resource Of">
<var>${ret_json}</var>
<arg>${res_url}</arg>
<kw name="Create Session" library="RequestsLibrary">
<arg>delfin</arg>
<arg>${delfin_url}</arg>
<doc>Create Session: create a HTTP session to a server</doc>
<msg timestamp="20210630 11:53:55.525" level="INFO">Creating Session using : alias=delfin, url=http://localhost:8190/v1, headers={},                     cookies={}, auth=None, timeout=None, proxies=None, verify=False,                     debug=0 </msg>
<status status="PASS" starttime="20210630 11:53:55.524" endtime="20210630 11:53:55.525"/>
</kw>
<kw name="Get On Session" library="RequestsLibrary">
<var>${resp_get}</var>
<arg>delfin</arg>
<arg>${resource}</arg>
<doc>Sends a GET request on a previously created HTTP Session.</doc>
<msg timestamp="20210630 11:53:55.542" level="INFO">GET Request : url=http://localhost:8190/v1/quotas 
 path_url=/v1/quotas 
 headers={'User-Agent': 'python-requests/2.25.1', 'Accept-Encoding': 'gzip, deflate', 'Accept': '*/*', 'Connection': 'keep-alive'} 
 body=None 
 </msg>
<msg timestamp="20210630 11:53:55.542" level="INFO">GET Response : url=http://localhost:8190/v1/quotas 
 status=200, reason=OK 
 headers={'X-Compute-Request-Id': 'req-0c7144a6-5846-4e30-88f8-bc174184dc66', 'Content-Type': 'application/json', 'Content-Length': '26440', 'Date': 'Wed, 30 Jun 2021 06:23:55 GMT', 'Connection': 'keep-alive'} 
 body={"quotas": [{"created_at": "2021-06-30T06:23:50.172632", "updated_at": null, "id": "9680023a-230e-45ab-bd4b-e4ba008ce69d", "native_quota_id": "test_quota_id_2", "type": "group", "storage_id": "54091c92-966f-47a4-b722-c2a99d8a0193", "native_filesystem_id": "test_native_filesystem_id_2", "native_qtree_id": "test_native_qtree_id_2", "capacity_hard_limit": 20000, "capacity_soft_limit": 9000, "file_hard_limit": 2000, "file_soft_limit": 900, "file_count": 700, "used_capacity": 7000, "user_group_name": "grp0"}, {"created_at": "2021-06-30T06:23:50.172627", "updated_at": null, "id": "bbe62095-4d72-4d06-83a9-b75640c190fd", "native_quota_id": "test_quota_id_1", "type": "tree", "storage_id": "54091c92-966f-47a4-b722-c2a99d8a0193", "native_filesystem_id": "test_native_filesystem_id_1", "native_qtree_id": "test_native_qtree_id_1", "capacity_hard_limit": 10000, "capacity_soft_limit": 9000, "file_hard_limit": 1000, "file_soft_limit": 900, "file_count": 500, "used_capacity": 5000, "user_group_name": "usr0"}, {"created_at": "2021-06-30T05:30:01.820981", "updated_at": null, "id": "b1d18516-d6a2-4296-8c2e-3cd2b4a44e9d", "native_quota_id": "quota_51", "type": "tree", "storage_id": "7c0aa42c-d744-4353-84da-3c9b7f631f5a", "native_filesystem_id": "quota_13", "native_qtree_id": "qtree_58", "capacity_hard_limit": 52041343, "capacity_soft_limit": 45111449, "file_hard_limit": 51628, "file_soft_limit": 46084, "file_count": 26284, "used_capacity": 45152475, "user_group_name": "grp_3"}, {"created_at": "2021-06-30T05:30:01.820979", "updated_at": null, "id": "eb8e5409-d859-4879-a88c-aa521043093f", "native_quota_id": "quota_50", "type": "group", "storage_id": "7c0aa42c-d744-4353-84da-3c9b7f631f5a", "native_filesystem_id": "quota_67", "native_qtree_id": "qtree_56", "capacity_hard_limit": 69792222, "capacity_soft_limit": 57449203, "file_hard_limit": 66077, "file_soft_limit": 63916, "file_count": 32637, "used_capacity": 33237063, "user_group_name": "grp_32"}, {"created_at": "2021-06-30T05:30:01.820976", "updated_at": null, "id": "f251f7f9-31df-4ff3-88c5-b9a10dc25d35", "native_quota_id": "quota_49", "type": "user", "storage_id": "7c0aa42c-d744-4353-84da-3c9b7f631f5a", "native_filesystem_id": "quota_28", "native_qtree_id": "qtree_45", "capacity_hard_limit": 71601581, "capacity_soft_limit": 70494020, "file_hard_limit": 71685, "file_soft_limit": 69831, "file_count": 20833, "used_capacity": 85422775, "user_group_name": "grp_77"}, {"created_at": "2021-06-30T05:30:01.820974", "updated_at": null, "id": "97f08f34-0a4f-4ed1-8830-f3d57f1dee3f", "native_quota_id": "quota_48", "type": "tree", "storage_id": "7c0aa42c-d744-4353-84da-3c9b7f631f5a", "native_filesystem_id": "quota_0", "native_qtree_id": "qtree_69", "capacity_hard_limit": 74728835, "capacity_soft_limit": 72607409, "file_hard_limit": 81854, "file_soft_limit": 65697, "file_count": 54304, "used_capacity": 51250820, "user_group_name": "grp_54"}, {"created_at": "2021-06-30T05:30:01.820972", "updated_at": null, "id": "01657360-be33-4a8c-be50-defe4ff8aa4a", "native_quota_id": "quota_47", "type": "user", "storage_id": "7c0aa42c-d744-4353-84da-3c9b7f631f5a", "native_filesystem_id": "quota_81", "native_qtree_id": "qtree_67", "capacity_hard_limit": 43188297, "capacity_soft_limit": 35863758, "file_hard_limit": 43748, "file_soft_limit": 37029, "file_count": 19335, "used_capacity": 37883269, "user_group_name": "usr_41"}, {"created_at": "2021-06-30T05:30:01.820970", "updated_at": null, "id": "0a1b311e-d29b-4330-ae4d-af383124bef5", "native_quota_id": "quota_46", "type": "user", "storage_id": "7c0aa42c-d744-4353-84da-3c9b7f631f5a", "native_filesystem_id": "quota_52", "native_qtree_id": "qtree_44", "capacity_hard_limit": 82229752, "capacity_soft_limit": 73863329, "file_hard_limit": 74719, "file_soft_limit": 70507, "file_count": 85449, "used_capacity": 75915955, "user_group_name": "usr_48"}, {"created_at": "2021-06-30T05:30:01.820968", "updated_at": null, "id": "9b7417e3-7fe6-401a-bff9-6e61a8b15e5d", "native_quota_id": "quota_45", "type": "user", "storage_id": "7c0aa42c-d744-4353-84da-3c9b7f631f5a", "native_filesystem_id": "quota_85", "native_qtree_id": "qtree_46", "capacity_hard_limit": 78070762, "capacity_soft_limit": 66055782, "file_hard_limit": 77028, "file_soft_limit": 67338, "file_count": 6550, "used_capacity": 72195814, "user_group_name": "usr_35"}, {"created_at": "2021-06-30T05:30:01.820966", "updated_at": null, "id": "e415278e-d8a0-48d8-9766-92c6475e9020", "native_quota_id": "quota_44", "type": "group", "storage_id": "7c0aa42c-d744-4353-84da-3c9b7f631f5a", "native_filesystem_id": "quota_3", "native_qtree_id": "qtree_10", "capacity_hard_limit": 63201634, "capacity_soft_limit": 59219944, "file_hard_limit": 59923, "file_soft_limit": 59077, "file_count": 65414, "used_capacity": 55716272, "user_group_name": "usr_41"}, {"created_at": "2021-06-30T05:30:01.820964", "updated_at": null, "id": "34736fd9-5a16-4a12-9f4e-c3c477d5d7ec", "native_quota_id": "quota_43", "type": "user", "storage_id": "7c0aa42c-d744-4353-84da-3c9b7f631f5a", "native_filesystem_id": "quota_25", "native_qtree_id": "qtree_52", "capacity_hard_limit": 60748992, "capacity_soft_limit": 51816823, "file_hard_limit": 59752, "file_soft_limit": 52436, "file_count": 26586, "used_capacity": 23361188, "user_group_name": "usr_47"}, {"created_at": "2021-06-30T05:30:01.820962", "updated_at": null, "id": "1f4039bb-97d8-4858-882a-1aafae995a88", "native_quota_id": "quota_42", "type": "user", "storage_id": "7c0aa42c-d744-4353-84da-3c9b7f631f5a", "native_filesystem_id": "quota_31", "native_qtree_id": "qtree_27", "capacity_hard_limit": 41878291, "capacity_soft_limit": 37951891, "file_hard_limit": 43165, "file_soft_limit": 35993, "file_count": 38059, "used_capacity": 28523938, "user_group_name": "usr_59"}, {"created_at": "2021-06-30T05:30:01.820959", "updated_at": null, "id": "6c663161-f253-4612-9946-aebd7b2b89f1", "native_quota_id": "quota_41", "type": "group", "storage_id": "7c0aa42c-d744-4353-84da-3c9b7f631f5a", "native_filesystem_id": "quota_20", "native_qtree_id": "qtree_1", "capacity_hard_limit": 20088816, "capacity_soft_limit": 17790134, "file_hard_limit": 21218, "file_soft_limit": 19254, "file_count": 5349, "used_capacity": 10540957, "user_group_name": "grp_71"}, {"created_at": "2021-06-30T05:30:01.820957", "updated_at": null, "id": "d9b608e2-213a-44da-b028-a8c1817057bb", "native_quota_id": "quota_40", "type": "user", "storage_id": "7c0aa42c-d744-4353-84da-3c9b7f631f5a", "native_filesystem_id": "quota_65", "native_qtree_id": "qtree_21", "capacity_hard_limit": 13982371, "capacity_soft_limit": 12705275, "file_hard_limit": 13604, "file_soft_limit": 11698, "file_count": 6310, "used_capacity": 9002357, "user_group_name": "usr_35"}, {"created_at": "2021-06-30T05:30:01.820955", "updated_at": null, "id": "b6cc9df2-bbe0-4a60-85a7-9cf8382c5374", "native_quota_id": "quota_39", "type": "tree", "storage_id": "7c0aa42c-d744-4353-84da-3c9b7f631f5a", "native_filesystem_id": "quota_81", "native_qtree_id": "qtree_53", "capacity_hard_limit": 13722677, "capacity_soft_limit": 11958450, "file_hard_limit": 13545, "file_soft_limit": 11015, "file_count": 5573, "used_capacity": 11348656, "user_group_name": "usr_96"}, {"created_at": "2021-06-30T05:30:01.820953", "updated_at": null, "id": "ec20c64b-e0b4-46b0-b684-929a88220426", "native_quota_id": "quota_38", "type": "user", "storage_id": "7c0aa42c-d744-4353-84da-3c9b7f631f5a", "native_filesystem_id": "quota_41", "native_qtree_id": "qtree_91", "capacity_hard_limit": 71016987, "capacity_soft_limit": 66472477, "file_hard_limit": 72660, "file_soft_limit": 66824, "file_count": 71766, "used_capacity": 77039589, "user_group_name": "grp_21"}, {"created_at": "2021-06-30T05:30:01.820951", "updated_at": null, "id": "e3988258-287f-47d1-842f-53054484d891", "native_quota_id": "quota_37", "type": "tree", "storage_id": "7c0aa42c-d744-4353-84da-3c9b7f631f5a", "native_filesystem_id": "quota_34", "native_qtree_id": "qtree_88", "capacity_hard_limit": 25133069, "capacity_soft_limit": 22389666, "file_hard_limit": 25473, "file_soft_limit": 21702, "file_count": 19011, "used_capacity": 27776026, "user_group_name": "grp_87"}, {"created_at": "2021-06-30T05:30:01.820948", "updated_at": null, "id": "e1d8829d-9dc3-4758-8b4c-1adaab39007f", "native_quota_id": "quota_36", "type": "user", "storage_id": "7c0aa42c-d744-4353-84da-3c9b7f631f5a", "native_filesystem_id": "quota_22", "native_qtree_id": "qtree_94", "capacity_hard_limit": 16556356, "capacity_soft_limit": 14763166, "file_hard_limit": 16639, "file_soft_limit": 15432, "file_count": 1514, "used_capacity": 5485096, "user_group_name": "usr_56"}, {"created_at": "2021-06-30T05:30:01.820946", "updated_at": null, "id": "a6339e54-f901-470e-bdb9-7d74cda8f25b", "native_quota_id": "quota_35", "type": "group", "storage_id": "7c0aa42c-d744-4353-84da-3c9b7f631f5a", "native_filesystem_id": "quota_26", "native_qtree_id": "qtree_81", "capacity_hard_limit": 14953731, "capacity_soft_limit": 13229365, "file_hard_limit": 15294, "file_soft_limit": 12916, "file_count": 6077, "used_capacity": 7988889, "user_group_name": "usr_29"}, {"created_at": "2021-06-30T05:30:01.820944", "updated_at": null, "id": "41eb832e-0d25-4b1d-abad-f0dafe521cf6", "native_quota_id": "quota_34", "type": "group", "storage_id": "7c0aa42c-d744-4353-84da-3c9b7f631f5a", "native_filesystem_id": "quota_41", "native_qtree_id": "qtree_18", "capacity_hard_limit": 50944234, "capacity_soft_limit": 45810998, "file_hard_limit": 48564, "file_soft_limit": 44639, "file_count": 53470, "used_capacity": 49225351, "user_group_name": "grp_25"}, {"created_at": "2021-06-30T05:30:01.820941", "updated_at": null, "id": "7fec26b2-4e02-47fb-8dfc-a93cb8dac506", "native_quota_id": "quota_33", "type": "user", "storage_id": "7c0aa42c-d744-4353-84da-3c9b7f631f5a", "native_filesystem_id": "quota_61", "native_qtree_id": "qtree_44", "capacity_hard_limit": 79482364, "capacity_soft_limit": 65797397, "file_hard_limit": 75173, "file_soft_limit": 71982, "file_count": 42150, "used_capacity": 40853293, "user_... (set the log level to DEBUG or TRACE to see the full content) 
 </msg>
<msg timestamp="20210630 11:53:55.542" level="INFO">${resp_get} = &lt;Response [200]&gt;</msg>
<status status="PASS" starttime="20210630 11:53:55.525" endtime="20210630 11:53:55.542"/>
</kw>
<kw name="Status Should Be" library="RequestsLibrary">
<arg>200</arg>
<arg>${resp_get}</arg>
<doc>Fails if response status code is different than the expected.</doc>
<status status="PASS" starttime="20210630 11:53:55.542" endtime="20210630 11:53:55.542"/>
</kw>
<msg timestamp="20210630 11:53:55.544" level="INFO">${ret_json} = {'quotas': [{'created_at': '2021-06-30T06:23:50.172632', 'updated_at': None, 'id': '9680023a-230e-45ab-bd4b-e4ba008ce69d', 'native_quota_id': 'test_quota_id_2', 'type': 'group', 'storage_id': '54091c9...</msg>
<status status="PASS" starttime="20210630 11:53:55.524" endtime="20210630 11:53:55.544"/>
</kw>
<kw name="Get Value From Json" library="JSONLibrary">
<var>${res_s}</var>
<arg>${ret_json}</arg>
<arg>$..${res_ind}</arg>
<doc>Get Value From JSON using JSONPath</doc>
<msg timestamp="20210630 11:53:55.567" level="INFO">${res_s} = [[{'created_at': '2021-06-30T06:23:50.172632', 'updated_at': None, 'id': '9680023a-230e-45ab-bd4b-e4ba008ce69d', 'native_quota_id': 'test_quota_id_2', 'type': 'group', 'storage_id': '54091c92-966f-47a...</msg>
<status status="PASS" starttime="20210630 11:53:55.544" endtime="20210630 11:53:55.567"/>
</kw>
<kw name="Should Not Be Empty" library="BuiltIn">
<arg>${res_s[0]}</arg>
<doc>Verifies that the given item is not empty.</doc>
<msg timestamp="20210630 11:53:55.568" level="INFO">Length is 54</msg>
<status status="PASS" starttime="20210630 11:53:55.568" endtime="20210630 11:53:55.568"/>
</kw>
<status status="PASS" starttime="20210630 11:53:55.524" endtime="20210630 11:53:55.568"/>
</iter>
<iter>
<var name="${res_url}">qtrees</var>
<var name="${res_ind}">qtrees</var>
<kw name="Get All Resource Of">
<var>${ret_json}</var>
<arg>${res_url}</arg>
<kw name="Create Session" library="RequestsLibrary">
<arg>delfin</arg>
<arg>${delfin_url}</arg>
<doc>Create Session: create a HTTP session to a server</doc>
<msg timestamp="20210630 11:53:55.569" level="INFO">Creating Session using : alias=delfin, url=http://localhost:8190/v1, headers={},                     cookies={}, auth=None, timeout=None, proxies=None, verify=False,                     debug=0 </msg>
<status status="PASS" starttime="20210630 11:53:55.569" endtime="20210630 11:53:55.569"/>
</kw>
<kw name="Get On Session" library="RequestsLibrary">
<var>${resp_get}</var>
<arg>delfin</arg>
<arg>${resource}</arg>
<doc>Sends a GET request on a previously created HTTP Session.</doc>
<msg timestamp="20210630 11:53:55.590" level="INFO">GET Request : url=http://localhost:8190/v1/qtrees 
 path_url=/v1/qtrees 
 headers={'User-Agent': 'python-requests/2.25.1', 'Accept-Encoding': 'gzip, deflate', 'Accept': '*/*', 'Connection': 'keep-alive'} 
 body=None 
 </msg>
<msg timestamp="20210630 11:53:55.590" level="INFO">GET Response : url=http://localhost:8190/v1/qtrees 
 status=200, reason=OK 
 headers={'X-Compute-Request-Id': 'req-b6476416-bcd0-45f0-8008-02c700d3b605', 'Content-Type': 'application/json', 'Content-Length': '24002', 'Date': 'Wed, 30 Jun 2021 06:23:55 GMT', 'Connection': 'keep-alive'} 
 body={"qtrees": [{"created_at": "2021-06-30T06:23:50.187971", "updated_at": null, "id": "c1e745d7-75b2-4fa5-8d03-567c1421dbef", "native_qtree_id": "test_native_qtree_id_2", "name": "test_qtree_2", "path": "/root/qtree_2", "storage_id": "54091c92-966f-47a4-b722-c2a99d8a0193", "native_filesystem_id": "test_native_filesystem_id_2", "security_mode": "unix"}, {"created_at": "2021-06-30T06:23:50.187966", "updated_at": null, "id": "19f86a34-24e8-4f22-a057-3d1b034d2fbe", "native_qtree_id": "test_native_qtree_id_1", "name": "test_qtree_1", "path": "/root/qtree_1", "storage_id": "54091c92-966f-47a4-b722-c2a99d8a0193", "native_filesystem_id": "test_native_filesystem_id_1", "security_mode": "ntfs"}, {"created_at": "2021-06-30T05:30:01.857270", "updated_at": null, "id": "cac04213-0d66-4474-8411-c6184aae0b87", "native_qtree_id": "qtree_69", "name": "qtree_69", "path": "/path/qtree_87", "storage_id": "7c0aa42c-d744-4353-84da-3c9b7f631f5a", "native_filesystem_id": "filesystem_70", "security_mode": "mixed"}, {"created_at": "2021-06-30T04:00:02.366093", "updated_at": "2021-06-30T05:30:01.580068", "id": "89c0f50d-8d66-439f-b3d7-6578821ba56f", "native_qtree_id": "qtree_68", "name": "qtree_68", "path": "/path/qtree_79", "storage_id": "7c0aa42c-d744-4353-84da-3c9b7f631f5a", "native_filesystem_id": "filesystem_91", "security_mode": "mixed"}, {"created_at": "2021-06-30T04:00:02.366090", "updated_at": "2021-06-30T05:30:01.578552", "id": "26c3b155-a477-4983-b9ff-9e03ea69e345", "native_qtree_id": "qtree_67", "name": "qtree_67", "path": "/path/qtree_14", "storage_id": "7c0aa42c-d744-4353-84da-3c9b7f631f5a", "native_filesystem_id": "filesystem_21", "security_mode": "unix"}, {"created_at": "2021-06-30T04:00:02.366088", "updated_at": "2021-06-30T05:30:01.577255", "id": "a0fc7f3c-f725-4aa5-a568-534349062cbb", "native_qtree_id": "qtree_66", "name": "qtree_66", "path": "/path/qtree_37", "storage_id": "7c0aa42c-d744-4353-84da-3c9b7f631f5a", "native_filesystem_id": "filesystem_15", "security_mode": "unix"}, {"created_at": "2021-06-30T04:00:02.366086", "updated_at": "2021-06-30T05:30:01.575844", "id": "8432e473-2142-4ff3-a2e0-1010744138ed", "native_qtree_id": "qtree_65", "name": "qtree_65", "path": "/path/qtree_57", "storage_id": "7c0aa42c-d744-4353-84da-3c9b7f631f5a", "native_filesystem_id": "filesystem_15", "security_mode": "native"}, {"created_at": "2021-06-30T04:00:02.366083", "updated_at": "2021-06-30T05:30:01.574355", "id": "18a666c7-a872-432b-90bf-9b315de219f4", "native_qtree_id": "qtree_64", "name": "qtree_64", "path": "/path/qtree_29", "storage_id": "7c0aa42c-d744-4353-84da-3c9b7f631f5a", "native_filesystem_id": "filesystem_98", "security_mode": "ntfs"}, {"created_at": "2021-06-30T04:00:02.366081", "updated_at": "2021-06-30T05:30:01.572976", "id": "35c1a810-f3bf-4d40-a40c-6a2d509c4331", "native_qtree_id": "qtree_63", "name": "qtree_63", "path": "/path/qtree_34", "storage_id": "7c0aa42c-d744-4353-84da-3c9b7f631f5a", "native_filesystem_id": "filesystem_93", "security_mode": "native"}, {"created_at": "2021-06-30T04:00:02.366078", "updated_at": "2021-06-30T05:30:01.571117", "id": "b1335feb-54f0-4a12-a7ee-b0d89ffa9e98", "native_qtree_id": "qtree_62", "name": "qtree_62", "path": "/path/qtree_25", "storage_id": "7c0aa42c-d744-4353-84da-3c9b7f631f5a", "native_filesystem_id": "filesystem_86", "security_mode": "unix"}, {"created_at": "2021-06-30T04:00:02.366076", "updated_at": "2021-06-30T05:30:01.569676", "id": "01c4e6f9-3279-4e03-9493-cd7c5a99629a", "native_qtree_id": "qtree_61", "name": "qtree_61", "path": "/path/qtree_98", "storage_id": "7c0aa42c-d744-4353-84da-3c9b7f631f5a", "native_filesystem_id": "filesystem_95", "security_mode": "native"}, {"created_at": "2021-06-30T04:00:02.366074", "updated_at": "2021-06-30T05:30:01.568231", "id": "38edde3b-295b-4e4f-bb0d-78114460239b", "native_qtree_id": "qtree_60", "name": "qtree_60", "path": "/path/qtree_21", "storage_id": "7c0aa42c-d744-4353-84da-3c9b7f631f5a", "native_filesystem_id": "filesystem_15", "security_mode": "ntfs"}, {"created_at": "2021-06-30T04:00:02.366071", "updated_at": "2021-06-30T05:30:01.566827", "id": "66fbabbc-16a3-4bde-b2c7-d1bb62a0e36c", "native_qtree_id": "qtree_59", "name": "qtree_59", "path": "/path/qtree_90", "storage_id": "7c0aa42c-d744-4353-84da-3c9b7f631f5a", "native_filesystem_id": "filesystem_52", "security_mode": "native"}, {"created_at": "2021-06-30T04:00:02.366069", "updated_at": "2021-06-30T05:30:01.565385", "id": "66d8caa7-b1ac-439e-8006-d434c6804b39", "native_qtree_id": "qtree_58", "name": "qtree_58", "path": "/path/qtree_26", "storage_id": "7c0aa42c-d744-4353-84da-3c9b7f631f5a", "native_filesystem_id": "filesystem_81", "security_mode": "ntfs"}, {"created_at": "2021-06-30T04:00:02.366066", "updated_at": "2021-06-30T05:30:01.563222", "id": "5d6dfc1c-2da9-4bd3-ab56-6529f3b1ade0", "native_qtree_id": "qtree_57", "name": "qtree_57", "path": "/path/qtree_22", "storage_id": "7c0aa42c-d744-4353-84da-3c9b7f631f5a", "native_filesystem_id": "filesystem_39", "security_mode": "native"}, {"created_at": "2021-06-30T04:00:02.366064", "updated_at": "2021-06-30T05:30:01.561240", "id": "ba523d6c-d379-49c0-8a6b-fbea1b28e451", "native_qtree_id": "qtree_56", "name": "qtree_56", "path": "/path/qtree_11", "storage_id": "7c0aa42c-d744-4353-84da-3c9b7f631f5a", "native_filesystem_id": "filesystem_40", "security_mode": "unix"}, {"created_at": "2021-06-30T04:00:02.366061", "updated_at": "2021-06-30T05:30:01.559751", "id": "bb7cf3eb-f7ee-4fa7-99aa-fea36f70fb2f", "native_qtree_id": "qtree_55", "name": "qtree_55", "path": "/path/qtree_81", "storage_id": "7c0aa42c-d744-4353-84da-3c9b7f631f5a", "native_filesystem_id": "filesystem_49", "security_mode": "native"}, {"created_at": "2021-06-30T04:00:02.366059", "updated_at": "2021-06-30T05:30:01.558483", "id": "ef730f72-fc2a-4f79-a2a3-0c9df4d74c02", "native_qtree_id": "qtree_54", "name": "qtree_54", "path": "/path/qtree_16", "storage_id": "7c0aa42c-d744-4353-84da-3c9b7f631f5a", "native_filesystem_id": "filesystem_15", "security_mode": "mixed"}, {"created_at": "2021-06-30T04:00:02.366056", "updated_at": "2021-06-30T05:30:01.557260", "id": "e3074563-e95c-4a97-9b90-e8ffe8b16c54", "native_qtree_id": "qtree_53", "name": "qtree_53", "path": "/path/qtree_91", "storage_id": "7c0aa42c-d744-4353-84da-3c9b7f631f5a", "native_filesystem_id": "filesystem_54", "security_mode": "unix"}, {"created_at": "2021-06-30T04:00:02.366054", "updated_at": "2021-06-30T05:30:01.556179", "id": "8b22a055-9603-4dc0-90bc-7530f171c681", "native_qtree_id": "qtree_52", "name": "qtree_52", "path": "/path/qtree_76", "storage_id": "7c0aa42c-d744-4353-84da-3c9b7f631f5a", "native_filesystem_id": "filesystem_92", "security_mode": "native"}, {"created_at": "2021-06-30T04:00:02.366051", "updated_at": "2021-06-30T05:30:01.555092", "id": "0292adde-cb04-41a2-9669-c5f2d4173afa", "native_qtree_id": "qtree_51", "name": "qtree_51", "path": "/path/qtree_36", "storage_id": "7c0aa42c-d744-4353-84da-3c9b7f631f5a", "native_filesystem_id": "filesystem_56", "security_mode": "unix"}, {"created_at": "2021-06-30T04:00:02.366049", "updated_at": "2021-06-30T05:30:01.553871", "id": "b6ec23ba-3e2f-433c-aac1-2117298fb30a", "native_qtree_id": "qtree_50", "name": "qtree_50", "path": "/path/qtree_17", "storage_id": "7c0aa42c-d744-4353-84da-3c9b7f631f5a", "native_filesystem_id": "filesystem_75", "security_mode": "native"}, {"created_at": "2021-06-30T04:00:02.366047", "updated_at": "2021-06-30T05:30:01.550619", "id": "e6af1006-6fe5-42f7-bb6d-c00ca06d45e8", "native_qtree_id": "qtree_49", "name": "qtree_49", "path": "/path/qtree_54", "storage_id": "7c0aa42c-d744-4353-84da-3c9b7f631f5a", "native_filesystem_id": "filesystem_23", "security_mode": "mixed"}, {"created_at": "2021-06-30T04:00:02.366044", "updated_at": "2021-06-30T05:30:01.549294", "id": "1154a753-1f8c-458f-a1bd-aa20a2b5f27f", "native_qtree_id": "qtree_48", "name": "qtree_48", "path": "/path/qtree_77", "storage_id": "7c0aa42c-d744-4353-84da-3c9b7f631f5a", "native_filesystem_id": "filesystem_76", "security_mode": "mixed"}, {"created_at": "2021-06-30T04:00:02.366042", "updated_at": "2021-06-30T05:30:01.547691", "id": "5c2a19ce-5a86-4cfa-9b98-71871849e55d", "native_qtree_id": "qtree_47", "name": "qtree_47", "path": "/path/qtree_15", "storage_id": "7c0aa42c-d744-4353-84da-3c9b7f631f5a", "native_filesystem_id": "filesystem_26", "security_mode": "native"}, {"created_at": "2021-06-30T04:00:02.366039", "updated_at": "2021-06-30T05:30:01.546259", "id": "d7f5634c-35d1-45d4-bc1f-6aa789228d84", "native_qtree_id": "qtree_46", "name": "qtree_46", "path": "/path/qtree_70", "storage_id": "7c0aa42c-d744-4353-84da-3c9b7f631f5a", "native_filesystem_id": "filesystem_0", "security_mode": "ntfs"}, {"created_at": "2021-06-30T04:00:02.366037", "updated_at": "2021-06-30T05:30:01.544751", "id": "9a160270-be34-4d68-bb0a-ebaea992d912", "native_qtree_id": "qtree_45", "name": "qtree_45", "path": "/path/qtree_39", "storage_id": "7c0aa42c-d744-4353-84da-3c9b7f631f5a", "native_filesystem_id": "filesystem_0", "security_mode": "native"}, {"created_at": "2021-06-30T04:00:02.366034", "updated_at": "2021-06-30T05:30:01.543066", "id": "ebc9d0c6-0356-4dc6-ade9-d56597324d71", "native_qtree_id": "qtree_44", "name": "qtree_44", "path": "/path/qtree_78", "storage_id": "7c0aa42c-d744-4353-84da-3c9b7f631f5a", "native_filesystem_id": "filesystem_89", "security_mode": "unix"}, {"created_at": "2021-06-30T04:00:02.366032", "updated_at": "2021-06-30T05:30:01.541205", "id": "e16d216f-93c3-4404-b7b9-d27cc7d0640b", "native_qtree_id": "qtree_43", "name": "qtree_43", "path": "/path/qtree_23", "storage_id": "7c0aa42c-d744-4353-84da-3c9b7f631f5a", "native_filesystem_id": "filesystem_10", "security_mode": "native"}, {"created_at": "2021-06-30T04:00:02.366029", "updated_at": "2021-06-30T05:30:01.539444", "id": "44fea133-beb1-4d3b-ac8c-fd0f48b42fce", "native_qtree_id": "qtree_42", "name": "qtree_42", "path": "/path/qtree_53", "storage_id": "7c0aa42c-d744-4353-84da-3c9b7f631f5a", "native_filesystem_id": "filesystem_17", "security... (set the log level to DEBUG or TRACE to see the full content) 
 </msg>
<msg timestamp="20210630 11:53:55.591" level="INFO">${resp_get} = &lt;Response [200]&gt;</msg>
<status status="PASS" starttime="20210630 11:53:55.569" endtime="20210630 11:53:55.591"/>
</kw>
<kw name="Status Should Be" library="RequestsLibrary">
<arg>200</arg>
<arg>${resp_get}</arg>
<doc>Fails if response status code is different than the expected.</doc>
<status status="PASS" starttime="20210630 11:53:55.591" endtime="20210630 11:53:55.591"/>
</kw>
<msg timestamp="20210630 11:53:55.592" level="INFO">${ret_json} = {'qtrees': [{'created_at': '2021-06-30T06:23:50.187971', 'updated_at': None, 'id': 'c1e745d7-75b2-4fa5-8d03-567c1421dbef', 'native_qtree_id': 'test_native_qtree_id_2', 'name': 'test_qtree_2', 'path': ...</msg>
<status status="PASS" starttime="20210630 11:53:55.569" endtime="20210630 11:53:55.592"/>
</kw>
<kw name="Get Value From Json" library="JSONLibrary">
<var>${res_s}</var>
<arg>${ret_json}</arg>
<arg>$..${res_ind}</arg>
<doc>Get Value From JSON using JSONPath</doc>
<msg timestamp="20210630 11:53:55.615" level="INFO">${res_s} = [[{'created_at': '2021-06-30T06:23:50.187971', 'updated_at': None, 'id': 'c1e745d7-75b2-4fa5-8d03-567c1421dbef', 'native_qtree_id': 'test_native_qtree_id_2', 'name': 'test_qtree_2', 'path': '/root/qtr...</msg>
<status status="PASS" starttime="20210630 11:53:55.592" endtime="20210630 11:53:55.615"/>
</kw>
<kw name="Should Not Be Empty" library="BuiltIn">
<arg>${res_s[0]}</arg>
<doc>Verifies that the given item is not empty.</doc>
<msg timestamp="20210630 11:53:55.616" level="INFO">Length is 72</msg>
<status status="PASS" starttime="20210630 11:53:55.615" endtime="20210630 11:53:55.616"/>
</kw>
<status status="PASS" starttime="20210630 11:53:55.568" endtime="20210630 11:53:55.616"/>
</iter>
<iter>
<var name="${res_url}">filesystems</var>
<var name="${res_ind}">filesystems</var>
<kw name="Get All Resource Of">
<var>${ret_json}</var>
<arg>${res_url}</arg>
<kw name="Create Session" library="RequestsLibrary">
<arg>delfin</arg>
<arg>${delfin_url}</arg>
<doc>Create Session: create a HTTP session to a server</doc>
<msg timestamp="20210630 11:53:55.617" level="INFO">Creating Session using : alias=delfin, url=http://localhost:8190/v1, headers={},                     cookies={}, auth=None, timeout=None, proxies=None, verify=False,                     debug=0 </msg>
<status status="PASS" starttime="20210630 11:53:55.617" endtime="20210630 11:53:55.617"/>
</kw>
<kw name="Get On Session" library="RequestsLibrary">
<var>${resp_get}</var>
<arg>delfin</arg>
<arg>${resource}</arg>
<doc>Sends a GET request on a previously created HTTP Session.</doc>
<msg timestamp="20210630 11:53:55.625" level="INFO">GET Request : url=http://localhost:8190/v1/filesystems 
 path_url=/v1/filesystems 
 headers={'User-Agent': 'python-requests/2.25.1', 'Accept-Encoding': 'gzip, deflate', 'Accept': '*/*', 'Connection': 'keep-alive'} 
 body=None 
 </msg>
<msg timestamp="20210630 11:53:55.625" level="INFO">GET Response : url=http://localhost:8190/v1/filesystems 
 status=200, reason=OK 
 headers={'X-Compute-Request-Id': 'req-6fda0f40-18ec-43ac-ad5e-47dbfd5aef45', 'Content-Type': 'application/json', 'Content-Length': '1947', 'Date': 'Wed, 30 Jun 2021 06:23:55 GMT', 'Connection': 'keep-alive'} 
 body={"filesystems": [{"created_at": "2021-06-30T06:23:50.180278", "updated_at": null, "id": "268711f8-2b75-4889-a773-59d6e7fc1688", "native_filesystem_id": "test_native_fs_id_2", "name": "test_filesystem_2", "type": "thick", "status": "faulty", "storage_id": "54091c92-966f-47a4-b722-c2a99d8a0193", "native_pool_id": "test_native_pool_id_2", "security_mode": "unix", "total_capacity": 10000, "used_capacity": 9000, "free_capacity": 1000, "compressed": true, "deduplicated": true, "worm": "non_worm"}, {"created_at": "2021-06-30T06:23:50.180273", "updated_at": null, "id": "97fcaa8f-c7e6-4419-969d-35bdded36402", "native_filesystem_id": "test_native_fs_id_1", "name": "test_filesystem_1", "type": "thin", "status": "normal", "storage_id": "54091c92-966f-47a4-b722-c2a99d8a0193", "native_pool_id": "test_native_pool_id_1", "security_mode": "ntfs", "total_capacity": 10000, "used_capacity": 9000, "free_capacity": 1000, "compressed": true, "deduplicated": true, "worm": "non_worm"}, {"created_at": "2021-06-29T13:30:02.099295", "updated_at": "2021-06-30T05:30:01.836864", "id": "426e03af-c9f8-4ffb-8b21-3925a321ad56", "native_filesystem_id": "filesystem_1", "name": "filesystem_1", "type": "thick", "status": "normal", "storage_id": "7c0aa42c-d744-4353-84da-3c9b7f631f5a", "native_pool_id": "storagePool_1", "security_mode": "ntfs", "total_capacity": 1655, "used_capacity": 99, "free_capacity": 1556, "compressed": true, "deduplicated": false, "worm": "compliance"}, {"created_at": "2021-06-28T09:52:37.729891", "updated_at": "2021-06-30T05:30:01.834071", "id": "d261754a-1583-4c30-91be-6ba24f1d44ac", "native_filesystem_id": "filesystem_0", "name": "filesystem_0", "type": "thick", "status": "normal", "storage_id": "7c0aa42c-d744-4353-84da-3c9b7f631f5a", "native_pool_id": "storagePool_0", "security_mode": "native", "total_capacity": 1481, "used_capacity": 858, "free_capacity": 623, "compressed": false, "deduplicated": false, "worm": "enterprise"}]} 
 </msg>
<msg timestamp="20210630 11:53:55.625" level="INFO">${resp_get} = &lt;Response [200]&gt;</msg>
<status status="PASS" starttime="20210630 11:53:55.617" endtime="20210630 11:53:55.625"/>
</kw>
<kw name="Status Should Be" library="RequestsLibrary">
<arg>200</arg>
<arg>${resp_get}</arg>
<doc>Fails if response status code is different than the expected.</doc>
<status status="PASS" starttime="20210630 11:53:55.626" endtime="20210630 11:53:55.626"/>
</kw>
<msg timestamp="20210630 11:53:55.627" level="INFO">${ret_json} = {'filesystems': [{'created_at': '2021-06-30T06:23:50.180278', 'updated_at': None, 'id': '268711f8-2b75-4889-a773-59d6e7fc1688', 'native_filesystem_id': 'test_native_fs_id_2', 'name': 'test_filesystem_...</msg>
<status status="PASS" starttime="20210630 11:53:55.616" endtime="20210630 11:53:55.627"/>
</kw>
<kw name="Get Value From Json" library="JSONLibrary">
<var>${res_s}</var>
<arg>${ret_json}</arg>
<arg>$..${res_ind}</arg>
<doc>Get Value From JSON using JSONPath</doc>
<msg timestamp="20210630 11:53:55.648" level="INFO">${res_s} = [[{'created_at': '2021-06-30T06:23:50.180278', 'updated_at': None, 'id': '268711f8-2b75-4889-a773-59d6e7fc1688', 'native_filesystem_id': 'test_native_fs_id_2', 'name': 'test_filesystem_2', 'type': 'th...</msg>
<status status="PASS" starttime="20210630 11:53:55.627" endtime="20210630 11:53:55.649"/>
</kw>
<kw name="Should Not Be Empty" library="BuiltIn">
<arg>${res_s[0]}</arg>
<doc>Verifies that the given item is not empty.</doc>
<msg timestamp="20210630 11:53:55.649" level="INFO">Length is 4</msg>
<status status="PASS" starttime="20210630 11:53:55.649" endtime="20210630 11:53:55.649"/>
</kw>
<status status="PASS" starttime="20210630 11:53:55.616" endtime="20210630 11:53:55.649"/>
</iter>
<iter>
<var name="${res_url}">shares</var>
<var name="${res_ind}">shares</var>
<kw name="Get All Resource Of">
<var>${ret_json}</var>
<arg>${res_url}</arg>
<kw name="Create Session" library="RequestsLibrary">
<arg>delfin</arg>
<arg>${delfin_url}</arg>
<doc>Create Session: create a HTTP session to a server</doc>
<msg timestamp="20210630 11:53:55.650" level="INFO">Creating Session using : alias=delfin, url=http://localhost:8190/v1, headers={},                     cookies={}, auth=None, timeout=None, proxies=None, verify=False,                     debug=0 </msg>
<status status="PASS" starttime="20210630 11:53:55.650" endtime="20210630 11:53:55.651"/>
</kw>
<kw name="Get On Session" library="RequestsLibrary">
<var>${resp_get}</var>
<arg>delfin</arg>
<arg>${resource}</arg>
<doc>Sends a GET request on a previously created HTTP Session.</doc>
<msg timestamp="20210630 11:53:55.671" level="INFO">GET Request : url=http://localhost:8190/v1/shares 
 path_url=/v1/shares 
 headers={'User-Agent': 'python-requests/2.25.1', 'Accept-Encoding': 'gzip, deflate', 'Accept': '*/*', 'Connection': 'keep-alive'} 
 body=None 
 </msg>
<msg timestamp="20210630 11:53:55.671" level="INFO">GET Response : url=http://localhost:8190/v1/shares 
 status=200, reason=OK 
 headers={'X-Compute-Request-Id': 'req-34a231a4-e258-4e41-88ae-a6636a10d72a', 'Content-Type': 'application/json', 'Content-Length': '27529', 'Date': 'Wed, 30 Jun 2021 06:23:55 GMT', 'Connection': 'keep-alive'} 
 body={"shares": [{"created_at": "2021-06-30T06:23:50.195186", "updated_at": null, "id": "c973478b-044a-402d-bf5f-290dd1c8aa70", "native_share_id": "test_native_share_id_2", "name": "test_share_2", "path": "/root/share_2", "storage_id": "54091c92-966f-47a4-b722-c2a99d8a0193", "native_filesystem_id": "test_native_fs_id_2", "native_qtree_id": "test_native_qtree_id_2", "protocol": "cifs"}, {"created_at": "2021-06-30T06:23:50.195182", "updated_at": null, "id": "fae4829b-8c37-47a0-b98e-4440f767b8c4", "native_share_id": "test_native_share_id_1", "name": "test_share_1", "path": "/root/share_1", "storage_id": "54091c92-966f-47a4-b722-c2a99d8a0193", "native_filesystem_id": "test_native_fs_id_1", "native_qtree_id": "test_native_qtree_id_1", "protocol": "cifs"}, {"created_at": "2021-06-30T05:30:01.877158", "updated_at": null, "id": "c4914960-b592-4f0a-a3c7-0aefd4e401ed", "native_share_id": "share_74", "name": "share_74", "path": "/path/share_21", "storage_id": "7c0aa42c-d744-4353-84da-3c9b7f631f5a", "native_filesystem_id": "filesystem_11", "native_qtree_id": "qtree_73", "protocol": "hdfs"}, {"created_at": "2021-06-30T05:30:01.877155", "updated_at": null, "id": "5bd2f39c-2fb4-4747-9670-96cb2124ed3a", "native_share_id": "share_73", "name": "share_73", "path": "/path/share_43", "storage_id": "7c0aa42c-d744-4353-84da-3c9b7f631f5a", "native_filesystem_id": "filesystem_26", "native_qtree_id": "qtree_29", "protocol": "hdfs"}, {"created_at": "2021-06-30T05:30:01.877149", "updated_at": null, "id": "085c67e1-8a5f-4a12-afa6-6e2866ab85c6", "native_share_id": "share_72", "name": "share_72", "path": "/path/share_42", "storage_id": "7c0aa42c-d744-4353-84da-3c9b7f631f5a", "native_filesystem_id": "filesystem_92", "native_qtree_id": "qtree_18", "protocol": "hdfs"}, {"created_at": "2021-06-30T05:00:03.012513", "updated_at": "2021-06-30T05:30:01.716027", "id": "83fbcc77-188e-46ef-82ad-fe46bdd43dab", "native_share_id": "share_71", "name": "share_71", "path": "/path/share_22", "storage_id": "7c0aa42c-d744-4353-84da-3c9b7f631f5a", "native_filesystem_id": "filesystem_82", "native_qtree_id": "qtree_33", "protocol": "ftp"}, {"created_at": "2021-06-30T05:00:03.012512", "updated_at": "2021-06-30T05:30:01.714615", "id": "db3745a2-30c2-4b7b-93a5-f0992cfbf27a", "native_share_id": "share_70", "name": "share_70", "path": "/path/share_96", "storage_id": "7c0aa42c-d744-4353-84da-3c9b7f631f5a", "native_filesystem_id": "filesystem_20", "native_qtree_id": "qtree_72", "protocol": "ftp"}, {"created_at": "2021-06-30T05:00:03.012510", "updated_at": "2021-06-30T05:30:01.712916", "id": "0b1daa35-7571-430d-911d-6bed52c4686a", "native_share_id": "share_69", "name": "share_69", "path": "/path/share_52", "storage_id": "7c0aa42c-d744-4353-84da-3c9b7f631f5a", "native_filesystem_id": "filesystem_0", "native_qtree_id": "qtree_71", "protocol": "nfs"}, {"created_at": "2021-06-30T05:00:03.012509", "updated_at": "2021-06-30T05:30:01.711267", "id": "1afeb3f
[...]
<status status="PASS" starttime="20210630 11:54:54.831" endtime="20210630 11:54:54.832"/>
</kw>
<kw name="Create Dictionary" library="BuiltIn">
<var>${access_info}</var>
<arg>rest=${access_info_rest}</arg>
<doc>Creates and returns a dictionary based on the given ``items``.</doc>
<msg timestamp="20210630 11:54:54.833" level="INFO">${access_info} = {'rest': {'host': '10.10.10.10', 'port': 8080, 'username': 'user_1', 'password': 'pass_1'}}</msg>
<status status="PASS" starttime="20210630 11:54:54.832" endtime="20210630 11:54:54.833"/>
</kw>
<kw name="Update Access Info">
<var>${resp}</var>
<arg>123</arg>
<arg>${access_info}</arg>
<kw name="Create Session" library="RequestsLibrary">
<arg>delfin</arg>
<arg>${delfin_url}</arg>
<doc>Create Session: create a HTTP session to a server</doc>
<msg timestamp="20210630 11:54:54.834" level="INFO">Creating Session using : alias=delfin, url=http://localhost:8190/v1, headers={},                     cookies={}, auth=None, timeout=None, proxies=None, verify=False,                     debug=0 </msg>
<status status="PASS" starttime="20210630 11:54:54.833" endtime="20210630 11:54:54.834"/>
</kw>
<kw name="Put On Session" library="RequestsLibrary">
<var>${resp_update}</var>
<arg>delfin</arg>
<arg>storages/${storage_id}/access-info</arg>
<arg>json=${access_info}</arg>
<arg>expected_status=any</arg>
<doc>Sends a PUT request on a previously created HTTP Session.</doc>
<msg timestamp="20210630 11:54:54.841" level="INFO">PUT Request : url=http://localhost:8190/v1/storages/123/access-info 
 path_url=/v1/storages/123/access-info 
 headers={'User-Agent': 'python-requests/2.25.1', 'Accept-Encoding': 'gzip, deflate', 'Accept': '*/*', 'Connection': 'keep-alive', 'Content-Length': '91', 'Content-Type': 'application/json'} 
 body=b'{"rest": {"host": "10.10.10.10", "port": 8080, "username": "user_1", "password": "pass_1"}}' 
 </msg>
<msg timestamp="20210630 11:54:54.841" level="INFO">PUT Response : url=http://localhost:8190/v1/storages/123/access-info 
 status=404, reason=Not Found 
 headers={'Content-Length': '130', 'Content-Type': 'application/json', 'X-Compute-Request-Id': 'req-d001ce01-6fb2-4a86-8be4-e9ff78afe754', 'Date': 'Wed, 30 Jun 2021 06:24:54 GMT', 'Connection': 'keep-alive'} 
 body={"error_code": "AccessInfoNotFound", "error_msg": "Access information for storage 123 could not be found.", "error_args": ["123"]} 
 </msg>
<msg timestamp="20210630 11:54:54.841" level="INFO">${resp_update} = &lt;Response [404]&gt;</msg>
<status status="PASS" starttime="20210630 11:54:54.834" endtime="20210630 11:54:54.841"/>
</kw>
<msg timestamp="20210630 11:54:54.841" level="INFO">${resp} = &lt;Response [404]&gt;</msg>
<status status="PASS" starttime="20210630 11:54:54.833" endtime="20210630 11:54:54.841"/>
</kw>
<kw name="Status Should Be" library="RequestsLibrary">
<arg>404</arg>
<arg>${resp}</arg>
<doc>Fails if response status code is different than the expected.</doc>
<status status="PASS" starttime="20210630 11:54:54.841" endtime="20210630 11:54:54.842"/>
</kw>
<kw name="Dictionary Should Contain Value" library="Collections">
<arg>${resp.json()}</arg>
<arg>AccessInfoNotFound</arg>
<doc>Fails if ``value`` is not found from ``dictionary``.</doc>
<status status="PASS" starttime="20210630 11:54:54.842" endtime="20210630 11:54:54.843"/>
</kw>
<tag>DELFIN</tag>
<status status="PASS" starttime="20210630 11:54:54.710" endtime="20210630 11:54:54.843"/>
</test>
<test id="s1-s5-t2" name="Update with valid access_info Test">
<kw name="Get All Storages">
<var>@{storages}</var>
<kw name="Create Session" library="RequestsLibrary">
<arg>delfin</arg>
<arg>${delfin_url}</arg>
<doc>Create Session: create a HTTP session to a server</doc>
<msg timestamp="20210630 11:54:54.844" level="INFO">Creating Session using : alias=delfin, url=http://localhost:8190/v1, headers={},                     cookies={}, auth=None, timeout=None, proxies=None, verify=False,                     debug=0 </msg>
<status status="PASS" starttime="20210630 11:54:54.844" endtime="20210630 11:54:54.844"/>
</kw>
<kw name="Get On Session" library="RequestsLibrary">
<var>${resp_get}</var>
<arg>delfin</arg>
<arg>storages</arg>
<doc>Sends a GET request on a previously created HTTP Session.</doc>
<msg timestamp="20210630 11:54:54.851" level="INFO">GET Request : url=http://localhost:8190/v1/storages 
 path_url=/v1/storages 
 headers={'User-Agent': 'python-requests/2.25.1', 'Accept-Encoding': 'gzip, deflate', 'Accept': '*/*', 'Connection': 'keep-alive'} 
 body=None 
 </msg>
<msg timestamp="20210630 11:54:54.851" level="INFO">GET Response : url=http://localhost:8190/v1/storages 
 status=200, reason=OK 
 headers={'X-Compute-Request-Id': 'req-82cd4b0e-5417-466d-9bb4-aa29d867ca43', 'Content-Type': 'application/json', 'Content-Length': '572', 'Date': 'Wed, 30 Jun 2021 06:24:54 GMT', 'Connection': 'keep-alive'} 
 body={"storages": [{"created_at": "2021-06-30T06:24:49.604866", "updated_at": "2021-06-30T06:24:49.697609", "id": "29025251-91f9-4e41-816d-0e4f6846e053", "name": "test_storage", "description": "Test storage array", "location": "Test location", "status": "normal", "sync_status": "SYNCED", "vendor": "test_vendor", "model": "test_model", "serial_number": "Serial_123_ABC", "firmware_version": "1.10.100", "total_capacity": 1000000, "used_capacity": 750000, "free_capacity": 250000, "raw_capacity": 2000000, "subscribed_capacity": 1500000, "deleted_at": null, "deleted": false}]} 
 </msg>
<msg timestamp="20210630 11:54:54.851" level="INFO">${resp_get} = &lt;Response [200]&gt;</msg>
<status status="PASS" starttime="20210630 11:54:54.845" endtime="20210630 11:54:54.851"/>
</kw>
<kw name="Status Should Be" library="RequestsLibrary">
<arg>200</arg>
<arg>${resp_get}</arg>
<doc>Fails if response status code is different than the expected.</doc>
<status status="PASS" starttime="20210630 11:54:54.851" endtime="20210630 11:54:54.852"/>
</kw>
<kw name="Get Value From Json" library="JSONLibrary">
<var>${resp_get_storage}</var>
<arg>${resp_get.json()}</arg>
<arg>$..storages</arg>
<doc>Get Value From JSON using JSONPath</doc>
<msg timestamp="20210630 11:54:54.872" level="INFO">${resp_get_storage} = [[{'created_at': '2021-06-30T06:24:49.604866', 'updated_at': '2021-06-30T06:24:49.697609', 'id': '29025251-91f9-4e41-816d-0e4f6846e053', 'name': 'test_storage', 'description': 'Test storage array', 'l...</msg>
<status status="PASS" starttime="20210630 11:54:54.852" endtime="20210630 11:54:54.872"/>
</kw>
<msg timestamp="20210630 11:54:54.872" level="INFO">@{storages} = [ {'created_at': '2021-06-30T06:24:49.604866', 'updated_at': '2021-06-30T06:24:49.697609', 'id': '29025251-91f9-4e41-816d-0e4f6846e053', 'name': 'test_storage', 'description': 'Test storage array', 'l...</msg>
<status status="PASS" starttime="20210630 11:54:54.844" endtime="20210630 11:54:54.872"/>
</kw>
<kw name="Get Value From Json" library="JSONLibrary">
<var>${storage_id}</var>
<arg>${storages[0]}</arg>
<arg>$..id</arg>
<doc>Get Value From JSON using JSONPath</doc>
<msg timestamp="20210630 11:54:54.892" level="INFO">${storage_id} = ['29025251-91f9-4e41-816d-0e4f6846e053']</msg>
<status status="PASS" starttime="20210630 11:54:54.873" endtime="20210630 11:54:54.893"/>
</kw>
<kw name="Create Dictionary" library="BuiltIn">
<var>${access_info_rest}</var>
<arg>host=10.10.10.10</arg>
<arg>port=${8080}</arg>
<arg>username=user_1</arg>
<arg>password=pass_1</arg>
<doc>Creates and returns a dictionary based on the given ``items``.</doc>
<msg timestamp="20210630 11:54:54.894" level="INFO">${access_info_rest} = {'host': '10.10.10.10', 'port': 8080, 'username': 'user_1', 'password': 'pass_1'}</msg>
<status status="PASS" starttime="20210630 11:54:54.893" endtime="20210630 11:54:54.894"/>
</kw>
<kw name="Create Dictionary" library="BuiltIn">
<var>${access_info}</var>
<arg>rest=${access_info_rest}</arg>
<doc>Creates and returns a dictionary based on the given ``items``.</doc>
<msg timestamp="20210630 11:54:54.894" level="INFO">${access_info} = {'rest': {'host': '10.10.10.10', 'port': 8080, 'username': 'user_1', 'password': 'pass_1'}}</msg>
<status status="PASS" starttime="20210630 11:54:54.894" endtime="20210630 11:54:54.894"/>
</kw>
<kw name="Update Access Info">
<var>${resp}</var>
<arg>${storage_id[0]}</arg>
<arg>${access_info}</arg>
<kw name="Create Session" library="RequestsLibrary">
<arg>delfin</arg>
<arg>${delfin_url}</arg>
<doc>Create Session: create a HTTP session to a server</doc>
<msg timestamp="20210630 11:54:54.896" level="INFO">Creating Session using : alias=delfin, url=http://localhost:8190/v1, headers={},                     cookies={}, auth=None, timeout=None, proxies=None, verify=False,                     debug=0 </msg>
<status status="PASS" starttime="20210630 11:54:54.895" endtime="20210630 11:54:54.896"/>
</kw>
<kw name="Put On Session" library="RequestsLibrary">
<var>${resp_update}</var>
<arg>delfin</arg>
<arg>storages/${storage_id}/access-info</arg>
<arg>json=${access_info}</arg>
<arg>expected_status=any</arg>
<doc>Sends a PUT request on a previously created HTTP Session.</doc>
<msg timestamp="20210630 11:54:54.922" level="INFO">PUT Request : url=http://localhost:8190/v1/storages/29025251-91f9-4e41-816d-0e4f6846e053/access-info 
 path_url=/v1/storages/29025251-91f9-4e41-816d-0e4f6846e053/access-info 
 headers={'User-Agent': 'python-requests/2.25.1', 'Accept-Encoding': 'gzip, deflate', 'Accept': '*/*', 'Connection': 'keep-alive', 'Content-Length': '91', 'Content-Type': 'application/json'} 
 body=b'{"rest": {"host": "10.10.10.10", "port": 8080, "username": "user_1", "password": "pass_1"}}' 
 </msg>
<msg timestamp="20210630 11:54:54.922" level="INFO">PUT Response : url=http://localhost:8190/v1/storages/29025251-91f9-4e41-816d-0e4f6846e053/access-info 
 status=200, reason=OK 
 headers={'X-Compute-Request-Id': 'req-9b29516c-5f57-4535-af4f-a1236fa32e75', 'Content-Type': 'application/json', 'Content-Length': '379', 'Date': 'Wed, 30 Jun 2021 06:24:54 GMT', 'Connection': 'keep-alive'} 
 body={"created_at": "2021-06-30T06:24:49.544130", "updated_at": null, "storage_id": "29025251-91f9-4e41-816d-0e4f6846e053", "vendor": "test_vendor", "model": "test_model", "rest": {"host": "10.10.10.10", "port": 8080, "username": "user_1"}, "ssh": {}, "cli": {}, "smis": {}, "extra_attributes": {"path": "/root/sodafoundation/naju/dolphin-1/delfin/tests/e2e/testdriver/storage.json"}} 
 </msg>
<msg timestamp="20210630 11:54:54.923" level="INFO">${resp_update} = &lt;Response [200]&gt;</msg>
<status status="PASS" starttime="20210630 11:54:54.896" endtime="20210630 11:54:54.923"/>
</kw>
<msg timestamp="20210630 11:54:54.923" level="INFO">${resp} = &lt;Response [200]&gt;</msg>
<status status="PASS" starttime="20210630 11:54:54.894" endtime="20210630 11:54:54.924"/>
</kw>
<kw name="Status Should Be" library="RequestsLibrary">
<arg>200</arg>
<arg>${resp}</arg>
<doc>Fails if response status code is different than the expected.</doc>
<status status="PASS" starttime="20210630 11:54:54.925" endtime="20210630 11:54:54.925"/>
</kw>
<kw name="Dictionary Should Contain Value" library="Collections">
<arg>${resp.json()}</arg>
<arg>test_vendor</arg>
<doc>Fails if ``value`` is not found from ``dictionary``.</doc>
<status status="PASS" starttime="20210630 11:54:54.926" endtime="20210630 11:54:54.927"/>
</kw>
<kw name="Dictionary Should Contain Value" library="Collections">
<arg>${resp.json()}</arg>
<arg>test_model</arg>
<doc>Fails if ``value`` is not found from ``dictionary``.</doc>
<status status="PASS" starttime="20210630 11:54:54.927" endtime="20210630 11:54:54.929"/>
</kw>
<kw name="Dictionary Should Contain Value" library="Collections">
<arg>${resp.json()}</arg>
<arg>${storage_id[0]}</arg>
<doc>Fails if ``value`` is not found from ``dictionary``.</doc>
<status status="PASS" starttime="20210630 11:54:54.929" endtime="20210630 11:54:54.931"/>
</kw>
<tag>DELFIN</tag>
<status status="PASS" starttime="20210630 11:54:54.843" endtime="20210630 11:54:54.931"/>
</test>
<kw name="Close Application" type="TEARDOWN">
<kw name="Get All Storages">
<var>@{storages}</var>
<kw name="Create Session" library="RequestsLibrary">
<arg>delfin</arg>
<arg>${delfin_url}</arg>
<doc>Create Session: create a HTTP session to a server</doc>
<msg timestamp="20210630 11:54:54.932" level="INFO">Creating Session using : alias=delfin, url=http://localhost:8190/v1, headers={},                     cookies={}, auth=None, timeout=None, proxies=None, verify=False,                     debug=0 </msg>
<status status="PASS" starttime="20210630 11:54:54.932" endtime="20210630 11:54:54.933"/>
</kw>
<kw name="Get On Session" library="RequestsLibrary">
<var>${resp_get}</var>
<arg>delfin</arg>
<arg>storages</arg>
<doc>Sends a GET request on a previously created HTTP Session.</doc>
<msg timestamp="20210630 11:54:54.939" level="INFO">GET Request : url=http://localhost:8190/v1/storages 
 path_url=/v1/storages 
 headers={'User-Agent': 'python-requests/2.25.1', 'Accept-Encoding': 'gzip, deflate', 'Accept': '*/*', 'Connection': 'keep-alive'} 
 body=None 
 </msg>
<msg timestamp="20210630 11:54:54.939" level="INFO">GET Response : url=http://localhost:8190/v1/storages 
 status=200, reason=OK 
 headers={'X-Compute-Request-Id': 'req-6be3a294-3c47-4276-a0fa-ce92719da456', 'Content-Type': 'application/json', 'Content-Length': '572', 'Date': 'Wed, 30 Jun 2021 06:24:54 GMT', 'Connection': 'keep-alive'} 
 body={"storages": [{"created_at": "2021-06-30T06:24:49.604866", "updated_at": "2021-06-30T06:24:54.909936", "id": "29025251-91f9-4e41-816d-0e4f6846e053", "name": "test_storage", "description": "Test storage array", "location": "Test location", "status": "normal", "sync_status": "SYNCED", "vendor": "test_vendor", "model": "test_model", "serial_number": "Serial_123_ABC", "firmware_version": "1.10.100", "total_capacity": 1000000, "used_capacity": 750000, "free_capacity": 250000, "raw_capacity": 2000000, "subscribed_capacity": 1500000, "deleted_at": null, "deleted": false}]} 
 </msg>
<msg timestamp="20210630 11:54:54.940" level="INFO">${resp_get} = &lt;Response [200]&gt;</msg>
<status status="PASS" starttime="20210630 11:54:54.933" endtime="20210630 11:54:54.940"/>
</kw>
<kw name="Status Should Be" library="RequestsLibrary">
<arg>200</arg>
<arg>${resp_get}</arg>
<doc>Fails if response status code is different than the expected.</doc>
<status status="PASS" starttime="20210630 11:54:54.940" endtime="20210630 11:54:54.940"/>
</kw>
<kw name="Get Value From Json" library="JSONLibrary">
<var>${resp_get_storage}</var>
<arg>${resp_get.json()}</arg>
<arg>$..storages</arg>
<doc>Get Value From JSON using JSONPath</doc>
<msg timestamp="20210630 11:54:54.961" level="INFO">${resp_get_storage} = [[{'created_at': '2021-06-30T06:24:49.604866', 'updated_at': '2021-06-30T06:24:54.909936', 'id': '29025251-91f9-4e41-816d-0e4f6846e053', 'name': 'test_storage', 'description': 'Test storage array', 'l...</msg>
<status status="PASS" starttime="20210630 11:54:54.940" endtime="20210630 11:54:54.962"/>
</kw>
<msg timestamp="20210630 11:54:54.962" level="INFO">@{storages} = [ {'created_at': '2021-06-30T06:24:49.604866', 'updated_at': '2021-06-30T06:24:54.909936', 'id': '29025251-91f9-4e41-816d-0e4f6846e053', 'name': 'test_storage', 'description': 'Test storage array', 'l...</msg>
<status status="PASS" starttime="20210630 11:54:54.932" endtime="20210630 11:54:54.962"/>
</kw>
<for flavor="IN">
<var>${storage}</var>
<value>@{storages}</value>
<iter>
<var name="${storage}">{'created_at': '2021-06-30T06:24:49.604866', 'updated_at': '2021-06-30T06:24:54.909936', 'id': '29025251-91f9-4e41-816d-0e4f6846e053', 'name': 'test_storage', 'description': 'Test storage array', 'loc...</var>
<kw name="Get Value From Json" library="JSONLibrary">
<var>${storage_id}</var>
<arg>${storage}</arg>
<arg>$..id</arg>
<doc>Get Value From JSON using JSONPath</doc>
<msg timestamp="20210630 11:54:54.982" level="INFO">${storage_id} = ['29025251-91f9-4e41-816d-0e4f6846e053']</msg>
<status status="PASS" starttime="20210630 11:54:54.963" endtime="20210630 11:54:54.982"/>
</kw>
<kw name="Delete Storage With ID">
<arg>${storage_id[0]}</arg>
<kw name="Create Session" library="RequestsLibrary">
<arg>delfin</arg>
<arg>${delfin_url}</arg>
<doc>Create Session: create a HTTP session to a server</doc>
<msg timestamp="20210630 11:54:54.983" level="INFO">Creating Session using : alias=delfin, url=http://localhost:8190/v1, headers={},                     cookies={}, auth=None, timeout=None, proxies=None, verify=False,                     debug=0 </msg>
<status status="PASS" starttime="20210630 11:54:54.983" endtime="20210630 11:54:54.983"/>
</kw>
<kw name="Delete On Session" library="RequestsLibrary">
<var>${resp_del}</var>
<arg>delfin</arg>
<arg>storages/${storage_id}</arg>
<doc>Sends a DELETE request on a previously created HTTP Session.</doc>
<msg timestamp="20210630 11:54:55.002" level="INFO">DELETE Request : url=http://localhost:8190/v1/storages/29025251-91f9-4e41-816d-0e4f6846e053 
 path_url=/v1/storages/29025251-91f9-4e41-816d-0e4f6846e053 
 headers={'User-Agent': 'python-requests/2.25.1', 'Accept-Encoding': 'gzip, deflate', 'Accept': '*/*', 'Connection': 'keep-alive', 'Content-Length': '0'} 
 body=None 
 </msg>
<msg timestamp="20210630 11:54:55.003" level="INFO">DELETE Response : url=http://localhost:8190/v1/storages/29025251-91f9-4e41-816d-0e4f6846e053 
 status=202, reason=Accepted 
 headers={'Content-Length': '0', 'X-Compute-Request-Id': 'req-1226c368-de18-4ba0-9575-3bf8da3a9b1f', 'Content-Type': 'application/json', 'Date': 'Wed, 30 Jun 2021 06:24:55 GMT', 'Connection': 'keep-alive'} 
 body=None 
 </msg>
<msg timestamp="20210630 11:54:55.003" level="INFO">${resp_del} = &lt;Response [202]&gt;</msg>
<status status="PASS" starttime="20210630 11:54:54.984" endtime="20210630 11:54:55.003"/>
</kw>
<kw name="Status Should Be" library="RequestsLibrary">
<arg>202</arg>
<arg>${resp_del}</arg>
<doc>Fails if response status code is different than the expected.</doc>
<status status="PASS" starttime="20210630 11:54:55.003" endtime="20210630 11:54:55.004"/>
</kw>
<kw name="Sleep" library="BuiltIn">
<arg>5s</arg>
<doc>Pauses the test executed for the given time.</doc>
<msg timestamp="20210630 11:55:00.004" level="INFO">Slept 5 seconds</msg>
<status status="PASS" starttime="20210630 11:54:55.004" endtime="20210630 11:55:00.005"/>
</kw>
<status status="PASS" starttime="20210630 11:54:54.982" endtime="20210630 11:55:00.006"/>
</kw>
<status status="PASS" starttime="20210630 11:54:54.963" endtime="20210630 11:55:00.006"/>
</iter>
<status status="PASS" starttime="20210630 11:54:54.962" endtime="20210630 11:55:00.006"/>
</for>
<kw name="Sleep" library="BuiltIn">
<arg>5s</arg>
<doc>Pauses the test executed for the given time.</doc>
<msg timestamp="20210630 11:55:05.007" level="INFO">Slept 5 seconds</msg>
<status status="PASS" starttime="20210630 11:55:00.006" endtime="20210630 11:55:05.008"/>
</kw>
<status status="PASS" starttime="20210630 11:54:54.932" endtime="20210630 11:55:05.008"/>
</kw>
<doc>Tests to verify that GET of resources</doc>
<status status="PASS" starttime="20210630 11:54:49.495" endtime="20210630 11:55:05.008"/>
</suite>
<status status="PASS" starttime="20210630 11:53:49.646" endtime="20210630 11:55:05.013"/>
</suite>
<statistics>
<total>
<stat pass="14" fail="0" skip="0">All Tests</stat>
</total>
<tag>
<stat pass="14" fail="0" skip="0">DELFIN</stat>
</tag>
<suite>
<stat pass="14" fail="0" skip="0" id="s1" name="E2E">E2E</stat>
<stat pass="4" fail="0" skip="0" id="s1-s1" name="GetResources">E2E.GetResources</stat>
<stat pass="3" fail="0" skip="0" id="s1-s2" name="GetStorage">E2E.GetStorage</stat>
<stat pass="3" fail="0" skip="0" id="s1-s3" name="RegisterStorage">E2E.RegisterStorage</stat>
<stat pass="2" fail="0" skip="0" id="s1-s4" name="RemoveStorage">E2E.RemoveStorage</stat>
<stat pass="2" fail="0" skip="0" id="s1-s5" name="UpdateAccessInfo">E2E.UpdateAccessInfo</stat>
</suite>
</statistics>
<errors>
</errors>
</robot>
